Arguments: 
  /usr/local/bin/node /usr/local/bin/yarn add markdown-it-katex3 -D

PATH: 
  /Users/isno/Library/Python/3.8/bin:/usr/local/bin:/System/Cryptexes/App/usr/bin:/usr/bin:/bin:/usr/sbin:/sbin:/Library/Apple/usr/bin:/Applications/Wireshark.app/Contents/MacOS

Yarn version: 
  1.22.19

Node version: 
  18.9.1

Platform: 
  darwin x64

Trace: 
  Error: https://registry.npm.taobao.org/markdown-it-katex3: Not found
      at params.callback [as _callback] (/usr/local/lib/node_modules/yarn/lib/cli.js:66145:18)
      at self.callback (/usr/local/lib/node_modules/yarn/lib/cli.js:140890:22)
      at Request.emit (node:events:513:28)
      at Request.<anonymous> (/usr/local/lib/node_modules/yarn/lib/cli.js:141862:10)
      at Request.emit (node:events:513:28)
      at IncomingMessage.<anonymous> (/usr/local/lib/node_modules/yarn/lib/cli.js:141784:12)
      at Object.onceWrapper (node:events:627:28)
      at IncomingMessage.emit (node:events:525:35)
      at endReadableNT (node:internal/streams/readable:1359:12)
      at process.processTicksAndRejections (node:internal/process/task_queues:82:21)

npm manifest: 
  {
    "name": "thebyte",
    "version": "1.0.0",
    "main": "index.js",
    "author": "isno <caxcn@qq.com>",
    "license": "MIT",
    "scripts": {
      "dev": "vuepress dev .",
      "build": "vuepress build ."
    },
    "devDependencies": {
      "@vuepress/plugin-back-to-top": "^1.4.0",
      "github-buttons": "^2.13.0",
      "vuepress": "2.0.0-beta.61"
    },
    "dependencies": {
      "markdown-it-katex": "^2.0.3"
    }
  }

yarn manifest: 
  No manifest

Lockfile: 
  # THIS IS AN AUTOGENERATED FILE. DO NOT EDIT THIS FILE DIRECTLY.
  # yarn lockfile v1
  
  
  "@babel/parser@^7.16.4":
    version "7.21.2"
    resolved "https://registry.npmmirror.com/@babel/parser/-/parser-7.21.2.tgz"
    integrity sha512-URpaIJQwEkEC2T9Kn+Ai6Xe/02iNaVCuT/PtoRz3GPVJVDpPd7mLo+VddTbhCRU9TXqW5mSrQfXZyi8kDKOVpQ==
  
  "@esbuild/android-arm64@0.16.17":
    version "0.16.17"
    resolved "https://registry.npmmirror.com/@esbuild/android-arm64/-/android-arm64-0.16.17.tgz#cf91e86df127aa3d141744edafcba0abdc577d23"
    integrity sha512-MIGl6p5sc3RDTLLkYL1MyL8BMRN4tLMRCn+yRJJmEDvYZ2M7tmAf80hx1kbNEUX2KJ50RRtxZ4JHLvCfuB6kBg==
  
  "@esbuild/android-arm@0.16.17":
    version "0.16.17"
    resolved "https://registry.npmmirror.com/@esbuild/android-arm/-/android-arm-0.16.17.tgz#025b6246d3f68b7bbaa97069144fb5fb70f2fff2"
    integrity sha512-N9x1CMXVhtWEAMS7pNNONyA14f71VPQN9Cnavj1XQh6T7bskqiLLrSca4O0Vr8Wdcga943eThxnVp3JLnBMYtw==
  
  "@esbuild/android-x64@0.16.17":
    version "0.16.17"
    resolved "https://registry.npmmirror.com/@esbuild/android-x64/-/android-x64-0.16.17.tgz#c820e0fef982f99a85c4b8bfdd582835f04cd96e"
    integrity sha512-a3kTv3m0Ghh4z1DaFEuEDfz3OLONKuFvI4Xqczqx4BqLyuFaFkuaG4j2MtA6fuWEFeC5x9IvqnX7drmRq/fyAQ==
  
  "@esbuild/darwin-arm64@0.16.17":
    version "0.16.17"
    resolved "https://registry.npmmirror.com/@esbuild/darwin-arm64/-/darwin-arm64-0.16.17.tgz#edef4487af6b21afabba7be5132c26d22379b220"
    integrity sha512-/2agbUEfmxWHi9ARTX6OQ/KgXnOWfsNlTeLcoV7HSuSTv63E4DqtAc+2XqGw1KHxKMHGZgbVCZge7HXWX9Vn+w==
  
  "@esbuild/darwin-x64@0.16.17":
    version "0.16.17"
    resolved "https://registry.npmmirror.com/@esbuild/darwin-x64/-/darwin-x64-0.16.17.tgz"
    integrity sha512-2By45OBHulkd9Svy5IOCZt376Aa2oOkiE9QWUK9fe6Tb+WDr8hXL3dpqi+DeLiMed8tVXspzsTAvd0jUl96wmg==
  
  "@esbuild/freebsd-arm64@0.16.17":
    version "0.16.17"
    resolved "https://registry.npmmirror.com/@esbuild/freebsd-arm64/-/freebsd-arm64-0.16.17.tgz#1f4af488bfc7e9ced04207034d398e793b570a27"
    integrity sha512-mt+cxZe1tVx489VTb4mBAOo2aKSnJ33L9fr25JXpqQqzbUIw/yzIzi+NHwAXK2qYV1lEFp4OoVeThGjUbmWmdw==
  
  "@esbuild/freebsd-x64@0.16.17":
    version "0.16.17"
    resolved "https://registry.npmmirror.com/@esbuild/freebsd-x64/-/freebsd-x64-0.16.17.tgz#636306f19e9bc981e06aa1d777302dad8fddaf72"
    integrity sha512-8ScTdNJl5idAKjH8zGAsN7RuWcyHG3BAvMNpKOBaqqR7EbUhhVHOqXRdL7oZvz8WNHL2pr5+eIT5c65kA6NHug==
  
  "@esbuild/linux-arm64@0.16.17":
    version "0.16.17"
    resolved "https://registry.npmmirror.com/@esbuild/linux-arm64/-/linux-arm64-0.16.17.tgz#a003f7ff237c501e095d4f3a09e58fc7b25a4aca"
    integrity sha512-7S8gJnSlqKGVJunnMCrXHU9Q8Q/tQIxk/xL8BqAP64wchPCTzuM6W3Ra8cIa1HIflAvDnNOt2jaL17vaW+1V0g==
  
  "@esbuild/linux-arm@0.16.17":
    version "0.16.17"
    resolved "https://registry.npmmirror.com/@esbuild/linux-arm/-/linux-arm-0.16.17.tgz#b591e6a59d9c4fe0eeadd4874b157ab78cf5f196"
    integrity sha512-iihzrWbD4gIT7j3caMzKb/RsFFHCwqqbrbH9SqUSRrdXkXaygSZCZg1FybsZz57Ju7N/SHEgPyaR0LZ8Zbe9gQ==
  
  "@esbuild/linux-ia32@0.16.17":
    version "0.16.17"
    resolved "https://registry.npmmirror.com/@esbuild/linux-ia32/-/linux-ia32-0.16.17.tgz#24333a11027ef46a18f57019450a5188918e2a54"
    integrity sha512-kiX69+wcPAdgl3Lonh1VI7MBr16nktEvOfViszBSxygRQqSpzv7BffMKRPMFwzeJGPxcio0pdD3kYQGpqQ2SSg==
  
  "@esbuild/linux-loong64@0.16.17":
    version "0.16.17"
    resolved "https://registry.npmmirror.com/@esbuild/linux-loong64/-/linux-loong64-0.16.17.tgz#d5ad459d41ed42bbd4d005256b31882ec52227d8"
    integrity sha512-dTzNnQwembNDhd654cA4QhbS9uDdXC3TKqMJjgOWsC0yNCbpzfWoXdZvp0mY7HU6nzk5E0zpRGGx3qoQg8T2DQ==
  
  "@esbuild/linux-mips64el@0.16.17":
    version "0.16.17"
    resolved "https://registry.npmmirror.com/@esbuild/linux-mips64el/-/linux-mips64el-0.16.17.tgz#4e5967a665c38360b0a8205594377d4dcf9c3726"
    integrity sha512-ezbDkp2nDl0PfIUn0CsQ30kxfcLTlcx4Foz2kYv8qdC6ia2oX5Q3E/8m6lq84Dj/6b0FrkgD582fJMIfHhJfSw==
  
  "@esbuild/linux-ppc64@0.16.17":
    version "0.16.17"
    resolved "https://registry.npmmirror.com/@esbuild/linux-ppc64/-/linux-ppc64-0.16.17.tgz#206443a02eb568f9fdf0b438fbd47d26e735afc8"
    integrity sha512-dzS678gYD1lJsW73zrFhDApLVdM3cUF2MvAa1D8K8KtcSKdLBPP4zZSLy6LFZ0jYqQdQ29bjAHJDgz0rVbLB3g==
  
  "@esbuild/linux-riscv64@0.16.17":
    version "0.16.17"
    resolved "https://registry.npmmirror.com/@esbuild/linux-riscv64/-/linux-riscv64-0.16.17.tgz#c351e433d009bf256e798ad048152c8d76da2fc9"
    integrity sha512-ylNlVsxuFjZK8DQtNUwiMskh6nT0vI7kYl/4fZgV1llP5d6+HIeL/vmmm3jpuoo8+NuXjQVZxmKuhDApK0/cKw==
  
  "@esbuild/linux-s390x@0.16.17":
    version "0.16.17"
    resolved "https://registry.npmmirror.com/@esbuild/linux-s390x/-/linux-s390x-0.16.17.tgz#661f271e5d59615b84b6801d1c2123ad13d9bd87"
    integrity sha512-gzy7nUTO4UA4oZ2wAMXPNBGTzZFP7mss3aKR2hH+/4UUkCOyqmjXiKpzGrY2TlEUhbbejzXVKKGazYcQTZWA/w==
  
  "@esbuild/linux-x64@0.16.17":
    version "0.16.17"
    resolved "https://registry.npmmirror.com/@esbuild/linux-x64/-/linux-x64-0.16.17.tgz#e4ba18e8b149a89c982351443a377c723762b85f"
    integrity sha512-mdPjPxfnmoqhgpiEArqi4egmBAMYvaObgn4poorpUaqmvzzbvqbowRllQ+ZgzGVMGKaPkqUmPDOOFQRUFDmeUw==
  
  "@esbuild/netbsd-x64@0.16.17":
    version "0.16.17"
    resolved "https://registry.npmmirror.com/@esbuild/netbsd-x64/-/netbsd-x64-0.16.17.tgz#7d4f4041e30c5c07dd24ffa295c73f06038ec775"
    integrity sha512-/PzmzD/zyAeTUsduZa32bn0ORug+Jd1EGGAUJvqfeixoEISYpGnAezN6lnJoskauoai0Jrs+XSyvDhppCPoKOA==
  
  "@esbuild/openbsd-x64@0.16.17":
    version "0.16.17"
    resolved "https://registry.npmmirror.com/@esbuild/openbsd-x64/-/openbsd-x64-0.16.17.tgz#970fa7f8470681f3e6b1db0cc421a4af8060ec35"
    integrity sha512-2yaWJhvxGEz2RiftSk0UObqJa/b+rIAjnODJgv2GbGGpRwAfpgzyrg1WLK8rqA24mfZa9GvpjLcBBg8JHkoodg==
  
  "@esbuild/sunos-x64@0.16.17":
    version "0.16.17"
    resolved "https://registry.npmmirror.com/@esbuild/sunos-x64/-/sunos-x64-0.16.17.tgz#abc60e7c4abf8b89fb7a4fe69a1484132238022c"
    integrity sha512-xtVUiev38tN0R3g8VhRfN7Zl42YCJvyBhRKw1RJjwE1d2emWTVToPLNEQj/5Qxc6lVFATDiy6LjVHYhIPrLxzw==
  
  "@esbuild/win32-arm64@0.16.17":
    version "0.16.17"
    resolved "https://registry.npmmirror.com/@esbuild/win32-arm64/-/win32-arm64-0.16.17.tgz#7b0ff9e8c3265537a7a7b1fd9a24e7bd39fcd87a"
    integrity sha512-ga8+JqBDHY4b6fQAmOgtJJue36scANy4l/rL97W+0wYmijhxKetzZdKOJI7olaBaMhWt8Pac2McJdZLxXWUEQw==
  
  "@esbuild/win32-ia32@0.16.17":
    version "0.16.17"
    resolved "https://registry.npmmirror.com/@esbuild/win32-ia32/-/win32-ia32-0.16.17.tgz#e90fe5267d71a7b7567afdc403dfd198c292eb09"
    integrity sha512-WnsKaf46uSSF/sZhwnqE4L/F89AYNMiD4YtEcYekBt9Q7nj0DiId2XH2Ng2PHM54qi5oPrQ8luuzGszqi/veig==
  
  "@esbuild/win32-x64@0.16.17":
    version "0.16.17"
    resolved "https://registry.npmmirror.com/@esbuild/win32-x64/-/win32-x64-0.16.17.tgz#c5a1a4bfe1b57f0c3e61b29883525c6da3e5c091"
    integrity sha512-y+EHuSchhL7FjHgvQL/0fnnFmO4T1bhvWANX6gcnqTjtnKWbTvUMCpGnv2+t+31d7RzyEAYAd4u2fnIhHL6N/Q==
  
  "@mdit-vue/plugin-component@^0.12.0":
    version "0.12.0"
    resolved "https://registry.npmmirror.com/@mdit-vue/plugin-component/-/plugin-component-0.12.0.tgz"
    integrity sha512-LrwV3f0Y6H7b7m/w1Y3bkGuR3HOiBK4QiHHW3HuRMza6MZodDQbj8Baik5/V5GiSg1/ltijS1CymVcycd1EfTw==
    dependencies:
      "@types/markdown-it" "^12.2.3"
      markdown-it "^13.0.1"
  
  "@mdit-vue/plugin-frontmatter@^0.12.0":
    version "0.12.0"
    resolved "https://registry.npmmirror.com/@mdit-vue/plugin-frontmatter/-/plugin-frontmatter-0.12.0.tgz"
    integrity sha512-26Y3JktjGgNoCVH7NLqi5RcdAauAqxepTt2qXueRcRHtGpiRQV2/M1FveIhCOTCtHSuG5bBOHUxGaV6vRK3Vbw==
    dependencies:
      "@mdit-vue/types" "0.12.0"
      "@types/markdown-it" "^12.2.3"
      gray-matter "^4.0.3"
      markdown-it "^13.0.1"
  
  "@mdit-vue/plugin-headers@^0.12.0":
    version "0.12.0"
    resolved "https://registry.npmmirror.com/@mdit-vue/plugin-headers/-/plugin-headers-0.12.0.tgz"
    integrity sha512-7qR63J2uc/rXbjHT77WoYBm9imwzx1tVESmRK+Uth6kqFvSWAXAFPcm4PBatGEE8TgzhklPs5BTcQtQhmmsyaw==
    dependencies:
      "@mdit-vue/shared" "0.12.0"
      "@mdit-vue/types" "0.12.0"
      "@types/markdown-it" "^12.2.3"
      markdown-it "^13.0.1"
  
  "@mdit-vue/plugin-sfc@^0.12.0":
    version "0.12.0"
    resolved "https://registry.npmmirror.com/@mdit-vue/plugin-sfc/-/plugin-sfc-0.12.0.tgz"
    integrity sha512-mH+rHsERzDxGucAQJILspRiD723AIWMmtMhp7lDKdkCIbIhYfupFv/CkSeX+LAx5UY5greWvUTPGYVKn4gw/5Q==
    dependencies:
      "@mdit-vue/types" "0.12.0"
      "@types/markdown-it" "^12.2.3"
      markdown-it "^13.0.1"
  
  "@mdit-vue/plugin-title@^0.12.0":
    version "0.12.0"
    resolved "https://registry.npmmirror.com/@mdit-vue/plugin-title/-/plugin-title-0.12.0.tgz"
    integrity sha512-XrQcior1EmPgsDG88KsoF4LUSQw/RS1Nyfn5xNWGiurO70a2hml4kCe0XzT4sLKUAPG0HNbIY6b92ezNezqWTg==
    dependencies:
      "@mdit-vue/shared" "0.12.0"
      "@mdit-vue/types" "0.12.0"
      "@types/markdown-it" "^12.2.3"
      markdown-it "^13.0.1"
  
  "@mdit-vue/plugin-toc@^0.12.0":
    version "0.12.0"
    resolved "https://registry.npmmirror.com/@mdit-vue/plugin-toc/-/plugin-toc-0.12.0.tgz"
    integrity sha512-tT985CqvLp17DFWHrSvmmJbh7qcy0Rl0dBbYN//Fn952a04dbr1mb2LqW0B1oStSAQj2q24HpK4ZPgYOt7Z1Jg==
    dependencies:
      "@mdit-vue/shared" "0.12.0"
      "@mdit-vue/types" "0.12.0"
      "@types/markdown-it" "^12.2.3"
      markdown-it "^13.0.1"
  
  "@mdit-vue/shared@0.12.0", "@mdit-vue/shared@^0.12.0":
    version "0.12.0"
    resolved "https://registry.npmmirror.com/@mdit-vue/shared/-/shared-0.12.0.tgz"
    integrity sha512-E+sGSubhvnp+Gmb2hJXFDxdLwwQD1H52EVbA4yrxxI5q/cwtnPIN2eJU3zlZB9KcvzXYDFFwt/x2mfhK8RZKBg==
    dependencies:
      "@mdit-vue/types" "0.12.0"
      "@types/markdown-it" "^12.2.3"
      markdown-it "^13.0.1"
  
  "@mdit-vue/types@0.12.0", "@mdit-vue/types@^0.12.0":
    version "0.12.0"
    resolved "https://registry.npmmirror.com/@mdit-vue/types/-/types-0.12.0.tgz"
    integrity sha512-mrC4y8n88BYvgcgzq9bvTlDgFyi2zuvzmPilRvRc3Uz1iIvq8mDhxJ0rHKFUNzPEScpDvJdIujqiDrulMqiudA==
  
  "@nodelib/fs.scandir@2.1.5":
    version "2.1.5"
    resolved "https://registry.npmmirror.com/@nodelib/fs.scandir/-/fs.scandir-2.1.5.tgz"
    integrity sha512-vq24Bq3ym5HEQm2NKCr3yXDwjc7vTsEThRDnkp2DK9p1uqLR+DHurm/NOTo0KG7HYHU7eppKZj3MyqYuMBf62g==
    dependencies:
      "@nodelib/fs.stat" "2.0.5"
      run-parallel "^1.1.9"
  
  "@nodelib/fs.stat@2.0.5", "@nodelib/fs.stat@^2.0.2":
    version "2.0.5"
    resolved "https://registry.npmmirror.com/@nodelib/fs.stat/-/fs.stat-2.0.5.tgz"
    integrity sha512-RkhPPp2zrqDAQA/2jNhnztcPAlv64XdhIp7a7454A5ovI7Bukxgt7MX7udwAu3zg1DcpPU0rz3VV1SeaqvY4+A==
  
  "@nodelib/fs.walk@^1.2.3":
    version "1.2.8"
    resolved "https://registry.npmmirror.com/@nodelib/fs.walk/-/fs.walk-1.2.8.tgz"
    integrity sha512-oGB+UxlgWcgQkgwo8GcEGwemoTFt3FIO9ababBmaGwXIoBKZ+GTy0pP185beGg7Llih/NSHSV2XAs1lnznocSg==
    dependencies:
      "@nodelib/fs.scandir" "2.1.5"
      fastq "^1.6.0"
  
  "@types/body-parser@*":
    version "1.19.2"
    resolved "https://registry.npmmirror.com/@types/body-parser/-/body-parser-1.19.2.tgz"
    integrity sha512-ALYone6pm6QmwZoAgeyNksccT9Q4AWZQ6PvfwR37GT6r6FWUPguq6sUmNGSMV2Wr761oQoBxwGGa6DR5o1DC9g==
    dependencies:
      "@types/connect" "*"
      "@types/node" "*"
  
  "@types/connect-history-api-fallback@*":
    version "1.3.5"
    resolved "https://registry.npmmirror.com/@types/connect-history-api-fallback/-/connect-history-api-fallback-1.3.5.tgz"
    integrity sha512-h8QJa8xSb1WD4fpKBDcATDNGXghFj6/3GRWG6dhmRcu0RX1Ubasur2Uvx5aeEwlf0MwblEC2bMzzMQntxnw/Cw==
    dependencies:
      "@types/express-serve-static-core" "*"
      "@types/node" "*"
  
  "@types/connect@*":
    version "3.4.35"
    resolved "https://registry.npmmirror.com/@types/connect/-/connect-3.4.35.tgz"
    integrity sha512-cdeYyv4KWoEgpBISTxWvqYsVy444DOqehiF3fM3ne10AmJ62RSyNkUnxMJXHQWRQQX2eR94m5y1IZyDwBjV9FQ==
    dependencies:
      "@types/node" "*"
  
  "@types/debug@^4.1.7":
    version "4.1.7"
    resolved "https://registry.npmmirror.com/@types/debug/-/debug-4.1.7.tgz"
    integrity sha512-9AonUzyTjXXhEOa0DnqpzZi6VHlqKMswga9EXjpXnnqxwLtdvPPtlO8evrI5D9S6asFRCQ6v+wpiUKbw+vKqyg==
    dependencies:
      "@types/ms" "*"
  
  "@types/express-serve-static-core@*", "@types/express-serve-static-core@^4.17.33":
    version "4.17.33"
    resolved "https://registry.npmmirror.com/@types/express-serve-static-core/-/express-serve-static-core-4.17.33.tgz"
    integrity sha512-TPBqmR/HRYI3eC2E5hmiivIzv+bidAfXofM+sbonAGvyDhySGw9/PQZFt2BLOrjUUR++4eJVpx6KnLQK1Fk9tA==
    dependencies:
      "@types/node" "*"
      "@types/qs" "*"
      "@types/range-parser" "*"
  
  "@types/express@*":
    version "4.17.17"
    resolved "https://registry.npmmirror.com/@types/express/-/express-4.17.17.tgz"
    integrity sha512-Q4FmmuLGBG58btUnfS1c1r/NQdlp3DMfGDGig8WhfpA2YRUtEkxAjkZb0yvplJGYdF1fsQ81iMDcH24sSCNC/Q==
    dependencies:
      "@types/body-parser" "*"
      "@types/express-serve-static-core" "^4.17.33"
      "@types/qs" "*"
      "@types/serve-static" "*"
  
  "@types/fs-extra@^11.0.1":
    version "11.0.1"
    resolved "https://registry.npmmirror.com/@types/fs-extra/-/fs-extra-11.0.1.tgz"
    integrity sha512-MxObHvNl4A69ofaTRU8DFqvgzzv8s9yRtaPPm5gud9HDNvpB3GPQFvNuTWAI59B9huVGV5jXYJwbCsmBsOGYWA==
    dependencies:
      "@types/jsonfile" "*"
      "@types/node" "*"
  
  "@types/hash-sum@^1.0.0":
    version "1.0.0"
    resolved "https://registry.npmmirror.com/@types/hash-sum/-/hash-sum-1.0.0.tgz"
    integrity sha512-FdLBT93h3kcZ586Aee66HPCVJ6qvxVjBlDWNmxSGSbCZe9hTsjRKdSsl4y1T+3zfujxo9auykQMnFsfyHWD7wg==
  
  "@types/highlight.js@^9.7.0":
    version "9.12.4"
    resolved "https://registry.npmmirror.com/@types/highlight.js/-/highlight.js-9.12.4.tgz"
    integrity sha512-t2szdkwmg2JJyuCM20e8kR2X59WCE5Zkl4bzm1u1Oukjm79zpbiAv+QjnwLnuuV0WHEcX2NgUItu0pAMKuOPww==
  
  "@types/http-proxy@^1.17.5":
    version "1.17.10"
    resolved "https://registry.npmmirror.com/@types/http-proxy/-/http-proxy-1.17.10.tgz"
    integrity sha512-Qs5aULi+zV1bwKAg5z1PWnDXWmsn+LxIvUGv6E2+OOMYhclZMO+OXd9pYVf2gLykf2I7IV2u7oTHwChPNsvJ7g==
    dependencies:
      "@types/node" "*"
  
  "@types/jsonfile@*":
    version "6.1.1"
    resolved "https://registry.npmmirror.com/@types/jsonfile/-/jsonfile-6.1.1.tgz"
    integrity sha512-GSgiRCVeapDN+3pqA35IkQwasaCh/0YFH5dEF6S88iDvEn901DjOeH3/QPY+XYP1DFzDZPvIvfeEgk+7br5png==
    dependencies:
      "@types/node" "*"
  
  "@types/linkify-it@*":
    version "3.0.2"
    resolved "https://registry.npmmirror.com/@types/linkify-it/-/linkify-it-3.0.2.tgz"
    integrity sha512-HZQYqbiFVWufzCwexrvh694SOim8z2d+xJl5UNamcvQFejLY/2YUtzXHYi3cHdI7PMlS8ejH2slRAOJQ32aNbA==
  
  "@types/markdown-it-emoji@^2.0.2":
    version "2.0.2"
    resolved "https://registry.npmmirror.com/@types/markdown-it-emoji/-/markdown-it-emoji-2.0.2.tgz"
    integrity sha512-2ln8Wjbcj/0oRi/6VnuMeWEHHuK8uapFttvcLmDIe1GKCsFBLOLBX+D+xhDa9oWOQV0IpvxwrSfKKssAqqroog==
    dependencies:
      "@types/markdown-it" "*"
  
  "@types/markdown-it@*", "@types/markdown-it@^12.2.3":
    version "12.2.3"
    resolved "https://registry.npmmirror.com/@types/markdown-it/-/markdown-it-12.2.3.tgz"
    integrity sha512-GKMHFfv3458yYy+v/N8gjufHO6MSZKCOXpZc5GXIWWy8uldwfmPn98vp81gZ5f9SVw8YYBctgfJ22a2d7AOMeQ==
    dependencies:
      "@types/linkify-it" "*"
      "@types/mdurl" "*"
  
  "@types/markdown-it@^10.0.0":
    version "10.0.3"
    resolved "https://registry.npmmirror.com/@types/markdown-it/-/markdown-it-10.0.3.tgz"
    integrity sha512-daHJk22isOUvNssVGF2zDnnSyxHhFYhtjeX4oQaKD6QzL3ZR1QSgiD1g+Q6/WSWYVogNXYDXODtbgW/WiFCtyw==
    dependencies:
      "@types/highlight.js" "^9.7.0"
      "@types/linkify-it" "*"
      "@types/mdurl" "*"
      highlight.js "^9.7.0"
  
  "@types/mdurl@*":
    version "1.0.2"
    resolved "https://registry.npmmirror.com/@types/mdurl/-/mdurl-1.0.2.tgz"
    integrity sha512-eC4U9MlIcu2q0KQmXszyn5Akca/0jrQmwDRgpAMJai7qBWq4amIQhZyNau4VYGtCeALvW1/NtjzJJ567aZxfKA==
  
  "@types/mime@*":
    version "3.0.1"
    resolved "https://registry.npmmirror.com/@types/mime/-/mime-3.0.1.tgz"
    integrity sha512-Y4XFY5VJAuw0FgAqPNd6NNoV44jbq9Bz2L7Rh/J6jLTiHBSBJa9fxqQIvkIld4GsoDOcCbvzOUAbLPsSKKg+uA==
  
  "@types/ms@*":
    version "0.7.31"
    resolved "https://registry.npmmirror.com/@types/ms/-/ms-0.7.31.tgz"
    integrity sha512-iiUgKzV9AuaEkZqkOLDIvlQiL6ltuZd9tGcW3gwpnX8JbuiuhFlEGmmFXEXkN50Cvq7Os88IY2v0dkDqXYWVgA==
  
  "@types/node@*":
    version "18.11.4"
    resolved "https://registry.npmmirror.com/@types/node/-/node-18.11.4.tgz"
    integrity sha512-BxcJpBu8D3kv/GZkx/gSMz6VnTJREBj/4lbzYOQueUOELkt8WrO6zAcSPmp9uRPEW/d+lUO8QK0W2xnS1hEU0A==
  
  "@types/qs@*":
    version "6.9.7"
    resolved "https://registry.npmmirror.com/@types/qs/-/qs-6.9.7.tgz"
    integrity sha512-FGa1F62FT09qcrueBA6qYTrJPVDzah9a+493+o2PCXsesWHIn27G98TsSMs3WPNbZIEj4+VJf6saSFpvD+3Zsw==
  
  "@types/range-parser@*":
    version "1.2.4"
    resolved "https://registry.npmmirror.com/@types/range-parser/-/range-parser-1.2.4.tgz"
    integrity sha512-EEhsLsD6UsDM1yFhAvy0Cjr6VwmpMWqFBCb9w07wVugF7w9nfajxLuVmngTIpgS6svCnm6Vaw+MZhoDCKnOfsw==
  
  "@types/serve-static@*":
    version "1.15.1"
    resolved "https://registry.npmmirror.com/@types/serve-static/-/serve-static-1.15.1.tgz"
    integrity sha512-NUo5XNiAdULrJENtJXZZ3fHtfMolzZwczzBbnAeBbqBwG+LaG6YaJtuwzwGSQZ2wsCrxjEhNNjAkKigy3n8teQ==
    dependencies:
      "@types/mime" "*"
      "@types/node" "*"
  
  "@types/source-list-map@*":
    version "0.1.2"
    resolved "https://registry.npmmirror.com/@types/source-list-map/-/source-list-map-0.1.2.tgz"
    integrity sha512-K5K+yml8LTo9bWJI/rECfIPrGgxdpeNbj+d53lwN4QjW1MCwlkhUms+gtdzigTeUyBr09+u8BwOIY3MXvHdcsA==
  
  "@types/tapable@^1":
    version "1.0.8"
    resolved "https://registry.npmmirror.com/@types/tapable/-/tapable-1.0.8.tgz"
    integrity sha512-ipixuVrh2OdNmauvtT51o3d8z12p6LtFW9in7U79der/kwejjdNchQC5UMn5u/KxNoM7VHHOs/l8KS8uHxhODQ==
  
  "@types/uglify-js@*":
    version "3.17.1"
    resolved "https://registry.npmmirror.com/@types/uglify-js/-/uglify-js-3.17.1.tgz"
    integrity sha512-GkewRA4i5oXacU/n4MA9+bLgt5/L3F1mKrYvFGm7r2ouLXhRKjuWwo9XHNnbx6WF3vlGW21S3fCvgqxvxXXc5g==
    dependencies:
      source-map "^0.6.1"
  
  "@types/web-bluetooth@^0.0.16":
    version "0.0.16"
    resolved "https://registry.npmmirror.com/@types/web-bluetooth/-/web-bluetooth-0.0.16.tgz"
    integrity sha512-oh8q2Zc32S6gd/j50GowEjKLoOVOwHP/bWVjKJInBwQqdOYMdPrf1oVlelTlyfFK3CKxL1uahMDAr+vy8T7yMQ==
  
  "@types/webpack-dev-server@^3":
    version "3.11.6"
    resolved "https://registry.npmmirror.com/@types/webpack-dev-server/-/webpack-dev-server-3.11.6.tgz"
    integrity sha512-XCph0RiiqFGetukCTC3KVnY1jwLcZ84illFRMbyFzCcWl90B/76ew0tSqF46oBhnLC4obNDG7dMO0JfTN0MgMQ==
    dependencies:
      "@types/connect-history-api-fallback" "*"
      "@types/express" "*"
      "@types/serve-static" "*"
      "@types/webpack" "^4"
      http-proxy-middleware "^1.0.0"
  
  "@types/webpack-sources@*":
    version "3.2.0"
    resolved "https://registry.npmmirror.com/@types/webpack-sources/-/webpack-sources-3.2.0.tgz"
    integrity sha512-Ft7YH3lEVRQ6ls8k4Ff1oB4jN6oy/XmU6tQISKdhfh+1mR+viZFphS6WL0IrtDOzvefmJg5a0s7ZQoRXwqTEFg==
    dependencies:
      "@types/node" "*"
      "@types/source-list-map" "*"
      source-map "^0.7.3"
  
  "@types/webpack@^4":
    version "4.41.33"
    resolved "https://registry.npmmirror.com/@types/webpack/-/webpack-4.41.33.tgz"
    integrity sha512-PPajH64Ft2vWevkerISMtnZ8rTs4YmRbs+23c402J0INmxDKCrhZNvwZYtzx96gY2wAtXdrK1BS2fiC8MlLr3g==
    dependencies:
      "@types/node" "*"
      "@types/tapable" "^1"
      "@types/uglify-js" "*"
      "@types/webpack-sources" "*"
      anymatch "^3.0.0"
      source-map "^0.6.0"
  
  "@vitejs/plugin-vue@^4.0.0":
    version "4.0.0"
    resolved "https://registry.npmmirror.com/@vitejs/plugin-vue/-/plugin-vue-4.0.0.tgz"
    integrity sha512-e0X4jErIxAB5oLtDqbHvHpJe/uWNkdpYV83AOG2xo2tEVSzCzewgJMtREZM30wXnM5ls90hxiOtAuVU6H5JgbA==
  
  "@vue/compiler-core@3.2.47":
    version "3.2.47"
    resolved "https://registry.npmmirror.com/@vue/compiler-core/-/compiler-core-3.2.47.tgz"
    integrity sha512-p4D7FDnQb7+YJmO2iPEv0SQNeNzcbHdGByJDsT4lynf63AFkOTFN07HsiRSvjGo0QrxR/o3d0hUyNCUnBU2Tig==
    dependencies:
      "@babel/parser" "^7.16.4"
      "@vue/shared" "3.2.47"
      estree-walker "^2.0.2"
      source-map "^0.6.1"
  
  "@vue/compiler-dom@3.2.47":
    version "3.2.47"
    resolved "https://registry.npmmirror.com/@vue/compiler-dom/-/compiler-dom-3.2.47.tgz"
    integrity sha512-dBBnEHEPoftUiS03a4ggEig74J2YBZ2UIeyfpcRM2tavgMWo4bsEfgCGsu+uJIL/vax9S+JztH8NmQerUo7shQ==
    dependencies:
      "@vue/compiler-core" "3.2.47"
      "@vue/shared" "3.2.47"
  
  "@vue/compiler-sfc@3.2.47":
    version "3.2.47"
    resolved "https://registry.npmmirror.com/@vue/compiler-sfc/-/compiler-sfc-3.2.47.tgz"
    integrity sha512-rog05W+2IFfxjMcFw10tM9+f7i/+FFpZJJ5XHX72NP9eC2uRD+42M3pYcQqDXVYoj74kHMSEdQ/WmCjt8JFksQ==
    dependencies:
      "@babel/parser" "^7.16.4"
      "@vue/compiler-core" "3.2.47"
      "@vue/compiler-dom" "3.2.47"
      "@vue/compiler-ssr" "3.2.47"
      "@vue/reactivity-transform" "3.2.47"
      "@vue/shared" "3.2.47"
      estree-walker "^2.0.2"
      magic-string "^0.25.7"
      postcss "^8.1.10"
      source-map "^0.6.1"
  
  "@vue/compiler-ssr@3.2.47":
    version "3.2.47"
    resolved "https://registry.npmmirror.com/@vue/compiler-ssr/-/compiler-ssr-3.2.47.tgz"
    integrity sha512-wVXC+gszhulcMD8wpxMsqSOpvDZ6xKXSVWkf50Guf/S+28hTAXPDYRTbLQ3EDkOP5Xz/+SY37YiwDquKbJOgZw==
    dependencies:
      "@vue/compiler-dom" "3.2.47"
      "@vue/shared" "3.2.47"
  
  "@vue/devtools-api@^6.4.5", "@vue/devtools-api@^6.5.0":
    version "6.5.0"
    resolved "https://registry.npmmirror.com/@vue/devtools-api/-/devtools-api-6.5.0.tgz"
    integrity sha512-o9KfBeaBmCKl10usN4crU53fYtC1r7jJwdGKjPT24t348rHxgfpZ0xL3Xm/gLUYnc0oTp8LAmrxOeLyu6tbk2Q==
  
  "@vue/reactivity-transform@3.2.47":
    version "3.2.47"
    resolved "https://registry.npmmirror.com/@vue/reactivity-transform/-/reactivity-transform-3.2.47.tgz"
    integrity sha512-m8lGXw8rdnPVVIdIFhf0LeQ/ixyHkH5plYuS83yop5n7ggVJU+z5v0zecwEnX7fa7HNLBhh2qngJJkxpwEEmYA==
    dependencies:
      "@babel/parser" "^7.16.4"
      "@vue/compiler-core" "3.2.47"
      "@vue/shared" "3.2.47"
      estree-walker "^2.0.2"
      magic-string "^0.25.7"
  
  "@vue/reactivity@3.2.47":
    version "3.2.47"
    resolved "https://registry.npmmirror.com/@vue/reactivity/-/reactivity-3.2.47.tgz"
    integrity sha512-7khqQ/75oyyg+N/e+iwV6lpy1f5wq759NdlS1fpAhFXa8VeAIKGgk2E/C4VF59lx5b+Ezs5fpp/5WsRYXQiKxQ==
    dependencies:
      "@vue/shared" "3.2.47"
  
  "@vue/runtime-core@3.2.47":
    version "3.2.47"
    resolved "https://registry.npmmirror.com/@vue/runtime-core/-/runtime-core-3.2.47.tgz"
    integrity sha512-RZxbLQIRB/K0ev0K9FXhNbBzT32H9iRtYbaXb0ZIz2usLms/D55dJR2t6cIEUn6vyhS3ALNvNthI+Q95C+NOpA==
    dependencies:
      "@vue/reactivity" "3.2.47"
      "@vue/shared" "3.2.47"
  
  "@vue/runtime-dom@3.2.47":
    version "3.2.47"
    resolved "https://registry.npmmirror.com/@vue/runtime-dom/-/runtime-dom-3.2.47.tgz"
    integrity sha512-ArXrFTjS6TsDei4qwNvgrdmHtD930KgSKGhS5M+j8QxXrDJYLqYw4RRcDy1bz1m1wMmb6j+zGLifdVHtkXA7gA==
    dependencies:
      "@vue/runtime-core" "3.2.47"
      "@vue/shared" "3.2.47"
      csstype "^2.6.8"
  
  "@vue/server-renderer@3.2.47":
    version "3.2.47"
    resolved "https://registry.npmmirror.com/@vue/server-renderer/-/server-renderer-3.2.47.tgz"
    integrity sha512-dN9gc1i8EvmP9RCzvneONXsKfBRgqFeFZLurmHOveL7oH6HiFXJw5OGu294n1nHc/HMgTy6LulU/tv5/A7f/LA==
    dependencies:
      "@vue/compiler-ssr" "3.2.47"
      "@vue/shared" "3.2.47"
  
  "@vue/shared@3.2.47", "@vue/shared@^3.2.47":
    version "3.2.47"
    resolved "https://registry.npmmirror.com/@vue/shared/-/shared-3.2.47.tgz"
    integrity sha512-BHGyyGN3Q97EZx0taMQ+OLNuZcW3d37ZEVmEAyeoA9ERdGvm9Irc/0Fua8SNyOtV1w6BS4q25wbMzJujO9HIfQ==
  
  "@vuepress/bundler-vite@2.0.0-beta.61":
    version "2.0.0-beta.61"
    resolved "https://registry.npmmirror.com/@vuepress/bundler-vite/-/bundler-vite-2.0.0-beta.61.tgz"
    integrity sha512-J9/DGfsqr9rGJT+0osL9uL+jrrGHeAsWuZoCCbQIDbe0rEO2whvou51PJpwko3R0vvCTWsolh6rXYeb0N0+yFg==
    dependencies:
      "@vitejs/plugin-vue" "^4.0.0"
      "@vuepress/client" "2.0.0-beta.61"
      "@vuepress/core" "2.0.0-beta.61"
      "@vuepress/shared" "2.0.0-beta.61"
      "@vuepress/utils" "2.0.0-beta.61"
      autoprefixer "^10.4.13"
      connect-history-api-fallback "^2.0.0"
      postcss "^8.4.21"
      postcss-load-config "^4.0.1"
      rollup "^3.17.3"
      vite "~4.1.4"
      vue "^3.2.47"
      vue-router "^4.1.6"
  
  "@vuepress/cli@2.0.0-beta.61":
    version "2.0.0-beta.61"
    resolved "https://registry.npmmirror.com/@vuepress/cli/-/cli-2.0.0-beta.61.tgz"
    integrity sha512-0CWc82c75987mVZwBOGBaCDke74NwlS6L3n1ybWrrqaFeueZSonwdm+qvaNvM/AJC10chqOJtpO/O3P+/YkBHQ==
    dependencies:
      "@vuepress/core" "2.0.0-beta.61"
      "@vuepress/shared" "2.0.0-beta.61"
      "@vuepress/utils" "2.0.0-beta.61"
      cac "^6.7.14"
      chokidar "^3.5.3"
      envinfo "^7.8.1"
      esbuild "~0.16.17"
  
  "@vuepress/client@2.0.0-beta.61":
    version "2.0.0-beta.61"
    resolved "https://registry.npmmirror.com/@vuepress/client/-/client-2.0.0-beta.61.tgz"
    integrity sha512-C5QbdQkPsurEsKUkLclVucUAKMzBph9kHMUvfKHJqBaAsiXKYVLa61AICTJeyDkhTYF0faOjmpqmaElfMt1S9w==
    dependencies:
      "@vue/devtools-api" "^6.5.0"
      "@vuepress/shared" "2.0.0-beta.61"
      vue "^3.2.47"
      vue-router "^4.1.6"
  
  "@vuepress/core@2.0.0-beta.61":
    version "2.0.0-beta.61"
    resolved "https://registry.npmmirror.com/@vuepress/core/-/core-2.0.0-beta.61.tgz"
    integrity sha512-jPr60d/uadgBmEQhXCRLNOm2M4Ym65lvZhGf/wyZCo14kpacp2YoO7RR8bzp/NEpWe7ndr/U8O/VDjFYTsz80g==
    dependencies:
      "@vuepress/client" "2.0.0-beta.61"
      "@vuepress/markdown" "2.0.0-beta.61"
      "@vuepress/shared" "2.0.0-beta.61"
      "@vuepress/utils" "2.0.0-beta.61"
      vue "^3.2.47"
  
  "@vuepress/markdown@2.0.0-beta.61":
    version "2.0.0-beta.61"
    resolved "https://registry.npmmirror.com/@vuepress/markdown/-/markdown-2.0.0-beta.61.tgz"
    integrity sha512-vzj933XxsfE9B+1kdMXncYtYU7TGTLjWP+qeikVsy5imq2BXa/n3OFVGyGkkdOYmu05hkm82+07dOvtGA+iMBQ==
    dependencies:
      "@mdit-vue/plugin-component" "^0.12.0"
      "@mdit-vue/plugin-frontmatter" "^0.12.0"
      "@mdit-vue/plugin-headers" "^0.12.0"
      "@mdit-vue/plugin-sfc" "^0.12.0"
      "@mdit-vue/plugin-title" "^0.12.0"
      "@mdit-vue/plugin-toc" "^0.12.0"
      "@mdit-vue/shared" "^0.12.0"
      "@mdit-vue/types" "^0.12.0"
      "@types/markdown-it" "^12.2.3"
      "@types/markdown-it-emoji" "^2.0.2"
      "@vuepress/shared" "2.0.0-beta.61"
      "@vuepress/utils" "2.0.0-beta.61"
      markdown-it "^13.0.1"
      markdown-it-anchor "^8.6.7"
      markdown-it-emoji "^2.0.2"
      mdurl "^1.0.1"
  
  "@vuepress/plugin-active-header-links@2.0.0-beta.61":
    version "2.0.0-beta.61"
    resolved "https://registry.npmmirror.com/@vuepress/plugin-active-header-links/-/plugin-active-header-links-2.0.0-beta.61.tgz"
    integrity sha512-+bbzb4YqnuTOANvSmJq8hbp60Tl3jLMiaZdkHKxKK9lDODGfTB8uAlH+KvuvxxuLm+Za186r+2PtBwJby773fA==
    dependencies:
      "@vuepress/client" "2.0.0-beta.61"
      "@vuepress/core" "2.0.0-beta.61"
      "@vuepress/utils" "2.0.0-beta.61"
      ts-debounce "^4.0.0"
      vue "^3.2.47"
      vue-router "^4.1.6"
  
  "@vuepress/plugin-back-to-top@2.0.0-beta.61":
    version "2.0.0-beta.61"
    resolved "https://registry.npmmirror.com/@vuepress/plugin-back-to-top/-/plugin-back-to-top-2.0.0-beta.61.tgz"
    integrity sha512-2KX83rdc00FSs38o8/P2Hp0ifKVtRbO+4kXW5ilzY27v0UMY8H//KxmoE/+PZDS9iyeXF1O/YUm3VtoMN5Y/9g==
    dependencies:
      "@vuepress/client" "2.0.0-beta.61"
      "@vuepress/core" "2.0.0-beta.61"
      "@vuepress/utils" "2.0.0-beta.61"
      ts-debounce "^4.0.0"
      vue "^3.2.47"
  
  "@vuepress/plugin-back-to-top@^1.4.0":
    version "1.9.9"
    resolved "https://registry.npmmirror.com/@vuepress/plugin-back-to-top/-/plugin-back-to-top-1.9.9.tgz"
    integrity sha512-8bNsdZ0Dr96OdcoJ67dxCx1ysXpeTHma8w+YSsqBJoWGEOucBr0nW9oaDH85yoOtpiriWBlhUO32/Q0ojJtMfA==
    dependencies:
      "@vuepress/types" "1.9.9"
      lodash.debounce "^4.0.8"
  
  "@vuepress/plugin-container@2.0.0-beta.61":
    version "2.0.0-beta.61"
    resolved "https://registry.npmmirror.com/@vuepress/plugin-container/-/plugin-container-2.0.0-beta.61.tgz"
    integrity sha512-XVIhMpTSv0F8tsmCKFHzFtsJzD2SeiKX60jHaEGCym+shNvr9euECWY7ygEB5Ob6oQUIDZNS1dDb1RcYsksZ8A==
    dependencies:
      "@types/markdown-it" "^12.2.3"
      "@vuepress/core" "2.0.0-beta.61"
      "@vuepress/markdown" "2.0.0-beta.61"
      "@vuepress/shared" "2.0.0-beta.61"
      "@vuepress/utils" "2.0.0-beta.61"
      markdown-it "^13.0.1"
      markdown-it-container "^3.0.0"
  
  "@vuepress/plugin-external-link-icon@2.0.0-beta.61":
    version "2.0.0-beta.61"
    resolved "https://registry.npmmirror.com/@vuepress/plugin-external-link-icon/-/plugin-external-link-icon-2.0.0-beta.61.tgz"
    integrity sha512-Jyp/QdqIvybfocD2K8otKIeHrKMeOamt74tlstsZxrtveKhWE3Js1/n2MP/bJlGkcHrAb6lQQr/JFhpT5jtHVg==
    dependencies:
      "@vuepress/client" "2.0.0-beta.61"
      "@vuepress/core" "2.0.0-beta.61"
      "@vuepress/markdown" "2.0.0-beta.61"
      "@vuepress/shared" "2.0.0-beta.61"
      "@vuepress/utils" "2.0.0-beta.61"
      vue "^3.2.47"
  
  "@vuepress/plugin-git@2.0.0-beta.61":
    version "2.0.0-beta.61"
    resolved "https://registry.npmmirror.com/@vuepress/plugin-git/-/plugin-git-2.0.0-beta.61.tgz"
    integrity sha512-ozoxZ+x57yGiHDs5tXJvbyoZTiYpfb7QQaS5mgxn0+XZqfg7/cZnT7DmJtxVqk+VFmz73WHgN+4pGRjkuTOLqQ==
    dependencies:
      "@vuepress/core" "2.0.0-beta.61"
      "@vuepress/utils" "2.0.0-beta.61"
      execa "^7.0.0"
  
  "@vuepress/plugin-medium-zoom@2.0.0-beta.61":
    version "2.0.0-beta.61"
    resolved "https://registry.npmmirror.com/@vuepress/plugin-medium-zoom/-/plugin-medium-zoom-2.0.0-beta.61.tgz"
    integrity sha512-mFY2vHXeqC8dizFVlFO7HIzirb79Z8sudKWPVfZmq0Qmlttyhxlns8GjrsPQl1mnz2NlYUY1ztUasikPwsYjAw==
    dependencies:
      "@vuepress/client" "2.0.0-beta.61"
      "@vuepress/core" "2.0.0-beta.61"
      "@vuepress/utils" "2.0.0-beta.61"
      medium-zoom "^1.0.8"
      vue "^3.2.47"
  
  "@vuepress/plugin-nprogress@2.0.0-beta.61":
    version "2.0.0-beta.61"
    resolved "https://registry.npmmirror.com/@vuepress/plugin-nprogress/-/plugin-nprogress-2.0.0-beta.61.tgz"
    integrity sha512-d36NEy8hkZaAuqMZec9VTEjozPkj9Wvimyx+AgJYpYN8JDBrWB58r9Gu9xHf8/PVeEnKayggD2xJYpGKtQ2lrw==
    dependencies:
      "@vuepress/client" "2.0.0-beta.61"
      "@vuepress/core" "2.0.0-beta.61"
      "@vuepress/utils" "2.0.0-beta.61"
      vue "^3.2.47"
      vue-router "^4.1.6"
  
  "@vuepress/plugin-palette@2.0.0-beta.61":
    version "2.0.0-beta.61"
    resolved "https://registry.npmmirror.com/@vuepress/plugin-palette/-/plugin-palette-2.0.0-beta.61.tgz"
    integrity sha512-mQE/2dxwOZfkc7wwkwR6byaeMJYTqQV7WmfQ4YQ3zAOr4nDP8Bx/zZVRyV3NjAcMwuif/CURpAYJo+WkFM+fpQ==
    dependencies:
      "@vuepress/core" "2.0.0-beta.61"
      "@vuepress/utils" "2.0.0-beta.61"
      chokidar "^3.5.3"
  
  "@vuepress/plugin-prismjs@2.0.0-beta.61":
    version "2.0.0-beta.61"
    resolved "https://registry.npmmirror.com/@vuepress/plugin-prismjs/-/plugin-prismjs-2.0.0-beta.61.tgz"
    integrity sha512-B6TRmttJuPs1OMJXE2Stul7zhMUKCPy2YSXEmVWwlJ90jWti85o5nhTT9/OhxBVn3EZ89b+YroPDbB/g1uUc1w==
    dependencies:
      "@vuepress/core" "2.0.0-beta.61"
      prismjs "^1.29.0"
  
  "@vuepress/plugin-theme-data@2.0.0-beta.61":
    version "2.0.0-beta.61"
    resolved "https://registry.npmmirror.com/@vuepress/plugin-theme-data/-/plugin-theme-data-2.0.0-beta.61.tgz"
    integrity sha512-drPLGbaXqXnHsuFHn6FolbqdRIxJzla1+10b3cKnsslatRbSPjKWos4Eri3xzgzEIC5TotPwTeT25gDRMpW8Sw==
    dependencies:
      "@vue/devtools-api" "^6.5.0"
      "@vuepress/client" "2.0.0-beta.61"
      "@vuepress/core" "2.0.0-beta.61"
      "@vuepress/shared" "2.0.0-beta.61"
      "@vuepress/utils" "2.0.0-beta.61"
      vue "^3.2.47"
  
  "@vuepress/shared@2.0.0-beta.61":
    version "2.0.0-beta.61"
    resolved "https://registry.npmmirror.com/@vuepress/shared/-/shared-2.0.0-beta.61.tgz"
    integrity sha512-NhOQ1FDr5lDSu5IinNlNNzrF+jGOZ+bMFUyAlCxlTvK9oY6aRBCNwV8dWme+yoh3/zviKHGu62Xp7J2hKAHNZA==
    dependencies:
      "@mdit-vue/types" "^0.12.0"
      "@vue/shared" "^3.2.47"
  
  "@vuepress/theme-default@2.0.0-beta.61":
    version "2.0.0-beta.61"
    resolved "https://registry.npmmirror.com/@vuepress/theme-default/-/theme-default-2.0.0-beta.61.tgz"
    integrity sha512-ajjxaGqrSy5LXf+7sslHV1fbUzggMYjITcXxBYa3gT4zVu1tsytAAcmtYxnQKblL1Eo2Wo7inujl/NUwaWDjDQ==
    dependencies:
      "@vuepress/client" "2.0.0-beta.61"
      "@vuepress/core" "2.0.0-beta.61"
      "@vuepress/plugin-active-header-links" "2.0.0-beta.61"
      "@vuepress/plugin-back-to-top" "2.0.0-beta.61"
      "@vuepress/plugin-container" "2.0.0-beta.61"
      "@vuepress/plugin-external-link-icon" "2.0.0-beta.61"
      "@vuepress/plugin-git" "2.0.0-beta.61"
      "@vuepress/plugin-medium-zoom" "2.0.0-beta.61"
      "@vuepress/plugin-nprogress" "2.0.0-beta.61"
      "@vuepress/plugin-palette" "2.0.0-beta.61"
      "@vuepress/plugin-prismjs" "2.0.0-beta.61"
      "@vuepress/plugin-theme-data" "2.0.0-beta.61"
      "@vuepress/shared" "2.0.0-beta.61"
      "@vuepress/utils" "2.0.0-beta.61"
      "@vueuse/core" "^9.13.0"
      sass "^1.58.3"
      vue "^3.2.47"
      vue-router "^4.1.6"
  
  "@vuepress/types@1.9.9":
    version "1.9.9"
    resolved "https://registry.npmmirror.com/@vuepress/types/-/types-1.9.9.tgz"
    integrity sha512-ukGW49ILzLhIc7CltHMr+BeIjWKloJNN1mrvbDz3beycp9b9kgH+DXNdRIK9QCKr4fJsy7x08vNMwZr9Nq/PTQ==
    dependencies:
      "@types/markdown-it" "^10.0.0"
      "@types/webpack-dev-server" "^3"
      webpack-chain "^6.0.0"
  
  "@vuepress/utils@2.0.0-beta.61":
    version "2.0.0-beta.61"
    resolved "https://registry.npmmirror.com/@vuepress/utils/-/utils-2.0.0-beta.61.tgz"
    integrity sha512-W7g6xjrdyOW5E1V1ouyTm5d4+kgSd4KcM80D7K0NNScrhLIW6gpOggVVOVyTH3q2K1GQhzPlUcUe04ZNSo0ilQ==
    dependencies:
      "@types/debug" "^4.1.7"
      "@types/fs-extra" "^11.0.1"
      "@types/hash-sum" "^1.0.0"
      "@vuepress/shared" "2.0.0-beta.61"
      debug "^4.3.4"
      fs-extra "^11.1.0"
      globby "^13.1.3"
      hash-sum "^2.0.0"
      ora "^6.1.2"
      picocolors "^1.0.0"
      upath "^2.0.1"
  
  "@vueuse/core@^9.13.0":
    version "9.13.0"
    resolved "https://registry.npmmirror.com/@vueuse/core/-/core-9.13.0.tgz"
    integrity sha512-pujnclbeHWxxPRqXWmdkKV5OX4Wk4YeK7wusHqRwU0Q7EFusHoqNA/aPhB6KCh9hEqJkLAJo7bb0Lh9b+OIVzw==
    dependencies:
      "@types/web-bluetooth" "^0.0.16"
      "@vueuse/metadata" "9.13.0"
      "@vueuse/shared" "9.13.0"
      vue-demi "*"
  
  "@vueuse/metadata@9.13.0":
    version "9.13.0"
    resolved "https://registry.npmmirror.com/@vueuse/metadata/-/metadata-9.13.0.tgz"
    integrity sha512-gdU7TKNAUVlXXLbaF+ZCfte8BjRJQWPCa2J55+7/h+yDtzw3vOoGQDRXzI6pyKyo6bXFT5/QoPE4hAknExjRLQ==
  
  "@vueuse/shared@9.13.0":
    version "9.13.0"
    resolved "https://registry.npmmirror.com/@vueuse/shared/-/shared-9.13.0.tgz"
    integrity sha512-UrnhU+Cnufu4S6JLCPZnkWh0WwZGUp72ktOF2DFptMlOs3TOdVv8xJN53zhHGARmVOsz5KqOls09+J1NR6sBKw==
    dependencies:
      vue-demi "*"
  
  ansi-regex@^6.0.1:
    version "6.0.1"
    resolved "https://registry.npmmirror.com/ansi-regex/-/ansi-regex-6.0.1.tgz"
    integrity sha512-n5M855fKb2SsfMIiFFoVrABHJC8QtHwVx+mHWP3QcEqBHYienj5dHSgjbxtC0WEZXYt4wcD6zrQElDPhFuZgfA==
  
  anymatch@^3.0.0, anymatch@~3.1.2:
    version "3.1.2"
    resolved "https://registry.npmmirror.com/anymatch/-/anymatch-3.1.2.tgz"
    integrity sha512-P43ePfOAIupkguHUycrc4qJ9kz8ZiuOUijaETwX7THt0Y/GNK7v0aa8rY816xWjZ7rJdA5XdMcpVFTKMq+RvWg==
    dependencies:
      normalize-path "^3.0.0"
      picomatch "^2.0.4"
  
  argparse@^1.0.7:
    version "1.0.10"
    resolved "https://registry.npmmirror.com/argparse/-/argparse-1.0.10.tgz"
    integrity sha512-o5Roy6tNG4SL/FOkCAN6RzjiakZS25RLYFrcMttJqbdd8BWrnA+fGz57iN5Pb06pvBGvl5gQ0B48dJlslXvoTg==
    dependencies:
      sprintf-js "~1.0.2"
  
  argparse@^2.0.1:
    version "2.0.1"
    resolved "https://registry.npmmirror.com/argparse/-/argparse-2.0.1.tgz"
    integrity sha512-8+9WqebbFzpX9OR+Wa6O29asIogeRMzcGtAINdpMHHyAg10f05aSFVBbcEqGf/PXw1EjAZ+q2/bEBg3DvurK3Q==
  
  autoprefixer@^10.4.13:
    version "10.4.14"
    resolved "https://registry.npmmirror.com/autoprefixer/-/autoprefixer-10.4.14.tgz"
    integrity sha512-FQzyfOsTlwVzjHxKEqRIAdJx9niO6VCBCoEwax/VLSoQF29ggECcPuBqUMZ+u8jCZOPSy8b8/8KnuFbp0SaFZQ==
    dependencies:
      browserslist "^4.21.5"
      caniuse-lite "^1.0.30001464"
      fraction.js "^4.2.0"
      normalize-range "^0.1.2"
      picocolors "^1.0.0"
      postcss-value-parser "^4.2.0"
  
  base64-js@^1.3.1:
    version "1.5.1"
    resolved "https://registry.npmmirror.com/base64-js/-/base64-js-1.5.1.tgz"
    integrity sha512-AKpaYlHn8t4SVbOHCy+b5+KKgvR4vrsD8vbvrbiQJps7fKDTkjkDry6ji0rUJjC0kzbNePLwzxq8iypo41qeWA==
  
  binary-extensions@^2.0.0:
    version "2.2.0"
    resolved "https://registry.npmmirror.com/binary-extensions/-/binary-extensions-2.2.0.tgz"
    integrity sha512-jDctJ/IVQbZoJykoeHbhXpOlNBqGNcwXJKJog42E5HDPUwQTSdjCHdihjj0DlnheQ7blbT6dHOafNAiS8ooQKA==
  
  bl@^5.0.0:
    version "5.1.0"
    resolved "https://registry.npmmirror.com/bl/-/bl-5.1.0.tgz"
    integrity sha512-tv1ZJHLfTDnXE6tMHv73YgSJaWR2AFuPwMntBe7XL/GBFHnT0CLnsHMogfk5+GzCDC5ZWarSCYaIGATZt9dNsQ==
    dependencies:
      buffer "^6.0.3"
      inherits "^2.0.4"
      readable-stream "^3.4.0"
  
  braces@^3.0.2, braces@~3.0.2:
    version "3.0.2"
    resolved "https://registry.npmmirror.com/braces/-/braces-3.0.2.tgz"
    integrity sha512-b8um+L1RzM3WDSzvhm6gIz1yfTbBt6YTlcEKAvsmqCZZFw46z626lVj9j1yEPW33H5H+lBQpZMP1k8l+78Ha0A==
    dependencies:
      fill-range "^7.0.1"
  
  browserslist@^4.21.5:
    version "4.21.5"
    resolved "https://registry.npmmirror.com/browserslist/-/browserslist-4.21.5.tgz"
    integrity sha512-tUkiguQGW7S3IhB7N+c2MV/HZPSCPAAiYBZXLsBhFB/PCy6ZKKsZrmBayHV9fdGV/ARIfJ14NkxKzRDjvp7L6w==
    dependencies:
      caniuse-lite "^1.0.30001449"
      electron-to-chromium "^1.4.284"
      node-releases "^2.0.8"
      update-browserslist-db "^1.0.10"
  
  buffer@^6.0.3:
    version "6.0.3"
    resolved "https://registry.npmmirror.com/buffer/-/buffer-6.0.3.tgz"
    integrity sha512-FTiCpNxtwiZZHEZbcbTIcZjERVICn9yq/pDFkTl95/AxzD1naBctN7YO68riM/gLSDY7sdrMby8hofADYuuqOA==
    dependencies:
      base64-js "^1.3.1"
      ieee754 "^1.2.1"
  
  cac@^6.7.14:
    version "6.7.14"
    resolved "https://registry.npmmirror.com/cac/-/cac-6.7.14.tgz"
    integrity sha512-b6Ilus+c3RrdDk+JhLKUAQfzzgLEPy6wcXqS7f/xe1EETvsDP6GORG7SFuOs6cID5YkqchW/LXZbX5bc8j7ZcQ==
  
  caniuse-lite@^1.0.30001449, caniuse-lite@^1.0.30001464:
    version "1.0.30001464"
    resolved "https://registry.npmmirror.com/caniuse-lite/-/caniuse-lite-1.0.30001464.tgz"
    integrity sha512-oww27MtUmusatpRpCGSOneQk2/l5czXANDSFvsc7VuOQ86s3ANhZetpwXNf1zY/zdfP63Xvjz325DAdAoES13g==
  
  chalk@^5.0.0:
    version "5.2.0"
    resolved "https://registry.npmmirror.com/chalk/-/chalk-5.2.0.tgz"
    integrity sha512-ree3Gqw/nazQAPuJJEy+avdl7QfZMcUvmHIKgEZkGL+xOBzRvup5Hxo6LHuMceSxOabuJLJm5Yp/92R9eMmMvA==
  
  "chokidar@>=3.0.0 <4.0.0", chokidar@^3.5.3:
    version "3.5.3"
    resolved "https://registry.npmmirror.com/chokidar/-/chokidar-3.5.3.tgz"
    integrity sha512-Dr3sfKRP6oTcjf2JmUmFJfeVMvXBdegxB0iVQ5eb2V10uFJUCAS8OByZdVAyVb8xXNz3GjjTgj9kLWsZTqE6kw==
    dependencies:
      anymatch "~3.1.2"
      braces "~3.0.2"
      glob-parent "~5.1.2"
      is-binary-path "~2.1.0"
      is-glob "~4.0.1"
      normalize-path "~3.0.0"
      readdirp "~3.6.0"
    optionalDependencies:
      fsevents "~2.3.2"
  
  cli-cursor@^4.0.0:
    version "4.0.0"
    resolved "https://registry.npmmirror.com/cli-cursor/-/cli-cursor-4.0.0.tgz"
    integrity sha512-VGtlMu3x/4DOtIUwEkRezxUZ2lBacNJCHash0N0WeZDBS+7Ux1dm3XWAgWYxLJFMMdOeXMHXorshEFhbMSGelg==
    dependencies:
      restore-cursor "^4.0.0"
  
  cli-spinners@^2.6.1:
    version "2.7.0"
    resolved "https://registry.npmmirror.com/cli-spinners/-/cli-spinners-2.7.0.tgz"
    integrity sha512-qu3pN8Y3qHNgE2AFweciB1IfMnmZ/fsNTEE+NOFjmGB2F/7rLhnhzppvpCnN4FovtP26k8lHyy9ptEbNwWFLzw==
  
  clone@^1.0.2:
    version "1.0.4"
    resolved "https://registry.npmmirror.com/clone/-/clone-1.0.4.tgz"
    integrity sha512-JQHZ2QMW6l3aH/j6xCqQThY/9OH4D/9ls34cgkUBiEeocRTU04tHfKPBsUK1PqZCUQM7GiA0IIXJSuXHI64Kbg==
  
  connect-history-api-fallback@^2.0.0:
    version "2.0.0"
    resolved "https://registry.npmmirror.com/connect-history-api-fallback/-/connect-history-api-fallback-2.0.0.tgz"
    integrity sha512-U73+6lQFmfiNPrYbXqr6kZ1i1wiRqXnp2nhMsINseWXO8lDau0LGEffJ8kQi4EjLZympVgRdvqjAgiZ1tgzDDA==
  
  cross-spawn@^7.0.3:
    version "7.0.3"
    resolved "https://registry.npmmirror.com/cross-spawn/-/cross-spawn-7.0.3.tgz"
    integrity sha512-iRDPJKUPVEND7dHPO8rkbOnPpyDygcDFtWjpeWNCgy8WP2rXcxXL8TskReQl6OrB2G7+UJrags1q15Fudc7G6w==
    dependencies:
      path-key "^3.1.0"
      shebang-command "^2.0.0"
      which "^2.0.1"
  
  csstype@^2.6.8:
    version "2.6.21"
    resolved "https://registry.npmmirror.com/csstype/-/csstype-2.6.21.tgz"
    integrity sha512-Z1PhmomIfypOpoMjRQB70jfvy/wxT50qW08YXO5lMIJkrdq4yOTR+AW7FqutScmB9NkLwxo+jU+kZLbofZZq/w==
  
  debug@^4.3.4:
    version "4.3.4"
    resolved "https://registry.npmmirror.com/debug/-/debug-4.3.4.tgz"
    integrity sha512-PRWFHuSU3eDtQJPvnNY7Jcket1j0t5OuOsFzPPzsekD52Zl8qUfFIPEiswXqIvHWGVHOgX+7G/vCNNhehwxfkQ==
    dependencies:
      ms "2.1.2"
  
  deepmerge@^1.5.2:
    version "1.5.2"
    resolved "https://registry.npmmirror.com/deepmerge/-/deepmerge-1.5.2.tgz"
    integrity sha512-95k0GDqvBjZavkuvzx/YqVLv/6YYa17fz6ILMSf7neqQITCPbnfEnQvEgMPNjH4kgobe7+WIL0yJEHku+H3qtQ==
  
  defaults@^1.0.3:
    version "1.0.4"
    resolved "https://registry.npmmirror.com/defaults/-/defaults-1.0.4.tgz"
    integrity sha512-eFuaLoy/Rxalv2kr+lqMlUnrDWV+3j4pljOIJgLIhI058IQfWJ7vXhyEIHu+HtC738klGALYxOKDO0bQP3tg8A==
    dependencies:
      clone "^1.0.2"
  
  dir-glob@^3.0.1:
    version "3.0.1"
    resolved "https://registry.npmmirror.com/dir-glob/-/dir-glob-3.0.1.tgz"
    integrity sha512-WkrWp9GR4KXfKGYzOLmTuGVi1UWFfws377n9cc55/tb6DuqyF6pcQ5AbiHEshaDpY9v6oaSr2XCDidGmMwdzIA==
    dependencies:
      path-type "^4.0.0"
  
  electron-to-chromium@^1.4.284:
    version "1.4.328"
    resolved "https://registry.npmmirror.com/electron-to-chromium/-/electron-to-chromium-1.4.328.tgz"
    integrity sha512-DE9tTy2PNmy1v55AZAO542ui+MLC2cvINMK4P2LXGsJdput/ThVG9t+QGecPuAZZSgC8XoI+Jh9M1OG9IoNSCw==
  
  entities@~3.0.1:
    version "3.0.1"
    resolved "https://registry.npmmirror.com/entities/-/entities-3.0.1.tgz"
    integrity sha512-WiyBqoomrwMdFG1e0kqvASYfnlb0lp8M5o5Fw2OFq1hNZxxcNk8Ik0Xm7LxzBhuidnZB/UtBqVCgUz3kBOP51Q==
  
  envinfo@^7.8.1:
    version "7.8.1"
    resolved "https://registry.npmmirror.com/envinfo/-/envinfo-7.8.1.tgz"
    integrity sha512-/o+BXHmB7ocbHEAs6F2EnG0ogybVVUdkRunTT2glZU9XAaGmhqskrvKwqXuDfNjEO0LZKWdejEEpnq8aM0tOaw==
  
  esbuild@^0.16.14, esbuild@~0.16.17:
    version "0.16.17"
    resolved "https://registry.npmmirror.com/esbuild/-/esbuild-0.16.17.tgz"
    integrity sha512-G8LEkV0XzDMNwXKgM0Jwu3nY3lSTwSGY6XbxM9cr9+s0T/qSV1q1JVPBGzm3dcjhCic9+emZDmMffkwgPeOeLg==
    optionalDependencies:
      "@esbuild/android-arm" "0.16.17"
      "@esbuild/android-arm64" "0.16.17"
      "@esbuild/android-x64" "0.16.17"
      "@esbuild/darwin-arm64" "0.16.17"
      "@esbuild/darwin-x64" "0.16.17"
      "@esbuild/freebsd-arm64" "0.16.17"
      "@esbuild/freebsd-x64" "0.16.17"
      "@esbuild/linux-arm" "0.16.17"
      "@esbuild/linux-arm64" "0.16.17"
      "@esbuild/linux-ia32" "0.16.17"
      "@esbuild/linux-loong64" "0.16.17"
      "@esbuild/linux-mips64el" "0.16.17"
      "@esbuild/linux-ppc64" "0.16.17"
      "@esbuild/linux-riscv64" "0.16.17"
      "@esbuild/linux-s390x" "0.16.17"
      "@esbuild/linux-x64" "0.16.17"
      "@esbuild/netbsd-x64" "0.16.17"
      "@esbuild/openbsd-x64" "0.16.17"
      "@esbuild/sunos-x64" "0.16.17"
      "@esbuild/win32-arm64" "0.16.17"
      "@esbuild/win32-ia32" "0.16.17"
      "@esbuild/win32-x64" "0.16.17"
  
  escalade@^3.1.1:
    version "3.1.1"
    resolved "https://registry.npmmirror.com/escalade/-/escalade-3.1.1.tgz"
    integrity sha512-k0er2gUkLf8O0zKJiAhmkTnJlTvINGv7ygDNPbeIsX/TJjGJZHuh9B2UxbsaEkmlEo9MfhrSzmhIlhRlI2GXnw==
  
  esprima@^4.0.0:
    version "4.0.1"
    resolved "https://registry.npmmirror.com/esprima/-/esprima-4.0.1.tgz"
    integrity sha512-eGuFFw7Upda+g4p+QHvnW0RyTX/SVeJBDM/gCtMARO0cLuT2HcEKnTPvhjV6aGeqrCB/sbNop0Kszm0jsaWU4A==
  
  estree-walker@^2.0.2:
    version "2.0.2"
    resolved "https://registry.npmmirror.com/estree-walker/-/estree-walker-2.0.2.tgz"
    integrity sha512-Rfkk/Mp/DL7JVje3u18FxFujQlTNR2q6QfMSMB7AvCBx91NGj/ba3kCfza0f6dVDbw7YlRf/nDrn7pQrCCyQ/w==
  
  eventemitter3@^4.0.0:
    version "4.0.7"
    resolved "https://registry.npmmirror.com/eventemitter3/-/eventemitter3-4.0.7.tgz"
    integrity sha512-8guHBZCwKnFhYdHr2ysuRWErTwhoN2X8XELRlrRwpmfeY2jjuUN4taQMsULKUVo1K4DvZl+0pgfyoysHxvmvEw==
  
  execa@^7.0.0:
    version "7.1.0"
    resolved "https://registry.npmmirror.com/execa/-/execa-7.1.0.tgz"
    integrity sha512-T6nIJO3LHxUZ6ahVRaxXz9WLEruXLqdcluA+UuTptXmLM7nDAn9lx9IfkxPyzEL21583qSt4RmL44pO71EHaJQ==
    dependencies:
      cross-spawn "^7.0.3"
      get-stream "^6.0.1"
      human-signals "^4.3.0"
      is-stream "^3.0.0"
      merge-stream "^2.0.0"
      npm-run-path "^5.1.0"
      onetime "^6.0.0"
      signal-exit "^3.0.7"
      strip-final-newline "^3.0.0"
  
  extend-shallow@^2.0.1:
    version "2.0.1"
    resolved "https://registry.npmmirror.com/extend-shallow/-/extend-shallow-2.0.1.tgz"
    integrity sha512-zCnTtlxNoAiDc3gqY2aYAWFx7XWWiasuF2K8Me5WbN8otHKTUKBwjPtNpRs/rbUZm7KxWAaNj7P1a/p52GbVug==
    dependencies:
      is-extendable "^0.1.0"
  
  fast-glob@^3.2.11:
    version "3.2.12"
    resolved "https://registry.npmmirror.com/fast-glob/-/fast-glob-3.2.12.tgz"
    integrity sha512-DVj4CQIYYow0BlaelwK1pHl5n5cRSJfM60UA0zK891sVInoPri2Ekj7+e1CT3/3qxXenpI+nBBmQAcJPJgaj4w==
    dependencies:
      "@nodelib/fs.stat" "^2.0.2"
      "@nodelib/fs.walk" "^1.2.3"
      glob-parent "^5.1.2"
      merge2 "^1.3.0"
      micromatch "^4.0.4"
  
  fastq@^1.6.0:
    version "1.15.0"
    resolved "https://registry.npmmirror.com/fastq/-/fastq-1.15.0.tgz"
    integrity sha512-wBrocU2LCXXa+lWBt8RoIRD89Fi8OdABODa/kEnyeyjS5aZO5/GNvI5sEINADqP/h8M29UHTHUb53sUu5Ihqdw==
    dependencies:
      reusify "^1.0.4"
  
  fill-range@^7.0.1:
    version "7.0.1"
    resolved "https://registry.npmmirror.com/fill-range/-/fill-range-7.0.1.tgz"
    integrity sha512-qOo9F+dMUmC2Lcb4BbVvnKJxTPjCm+RRpe4gDuGrzkL7mEVl/djYSu2OdQ2Pa302N4oqkSg9ir6jaLWJ2USVpQ==
    dependencies:
      to-regex-range "^5.0.1"
  
  follow-redirects@^1.0.0:
    version "1.15.2"
    resolved "https://registry.npmmirror.com/follow-redirects/-/follow-redirects-1.15.2.tgz"
    integrity sha512-VQLG33o04KaQ8uYi2tVNbdrWp1QWxNNea+nmIB4EVM28v0hmP17z7aG1+wAkNzVq4KeXTq3221ye5qTJP91JwA==
  
  fraction.js@^4.2.0:
    version "4.2.0"
    resolved "https://registry.npmmirror.com/fraction.js/-/fraction.js-4.2.0.tgz"
    integrity sha512-MhLuK+2gUcnZe8ZHlaaINnQLl0xRIGRfcGk2yl8xoQAfHrSsL3rYu6FCmBdkdbhc9EPlwyGHewaRsvwRMJtAlA==
  
  fs-extra@^11.1.0:
    version "11.1.0"
    resolved "https://registry.npmmirror.com/fs-extra/-/fs-extra-11.1.0.tgz"
    integrity sha512-0rcTq621PD5jM/e0a3EJoGC/1TC5ZBCERW82LQuwfGnCa1V8w7dpYH1yNu+SLb6E5dkeCBzKEyLGlFrnr+dUyw==
    dependencies:
      graceful-fs "^4.2.0"
      jsonfile "^6.0.1"
      universalify "^2.0.0"
  
  fsevents@~2.3.2:
    version "2.3.2"
    resolved "https://registry.npmmirror.com/fsevents/-/fsevents-2.3.2.tgz"
    integrity sha512-xiqMQR4xAeHTuB9uWm+fFRcIOgKBMiOBP+eXiyT7jsgVCq1bkVygt00oASowB7EdtpOHaaPgKt812P9ab+DDKA==
  
  function-bind@^1.1.1:
    version "1.1.1"
    resolved "https://registry.npmmirror.com/function-bind/-/function-bind-1.1.1.tgz"
    integrity sha512-yIovAzMX49sF8Yl58fSCWJ5svSLuaibPxXQJFLmBObTuCr0Mf1KiPopGM9NiFjiYBCbfaa2Fh6breQ6ANVTI0A==
  
  get-stream@^6.0.1:
    version "6.0.1"
    resolved "https://registry.npmmirror.com/get-stream/-/get-stream-6.0.1.tgz"
    integrity sha512-ts6Wi+2j3jQjqi70w5AlN8DFnkSwC+MqmxEzdEALB2qXZYV3X/b1CTfgPLGJNMeAWxdPfU8FO1ms3NUfaHCPYg==
  
  github-buttons@^2.13.0:
    version "2.24.0"
    resolved "https://registry.npmmirror.com/github-buttons/-/github-buttons-2.24.0.tgz"
    integrity sha512-dHpEno4S2JHjsEKPLSTGDTV50q1d08n3H7VDfNNA1m8cz5DMqLCZDdKWQxy4zyvd6M3tKvlVYLs+/H0BF3DggA==
  
  glob-parent@^5.1.2, glob-parent@~5.1.2:
    version "5.1.2"
    resolved "https://registry.npmmirror.com/glob-parent/-/glob-parent-5.1.2.tgz"
    integrity sha512-AOIgSQCepiJYwP3ARnGx+5VnTu2HBYdzbGP45eLw1vr3zB3vZLeyed1sC9hnbcOc9/SrMyM5RPQrkGz4aS9Zow==
    dependencies:
      is-glob "^4.0.1"
  
  globby@^13.1.3:
    version "13.1.3"
    resolved "https://registry.npmmirror.com/globby/-/globby-13.1.3.tgz"
    integrity sha512-8krCNHXvlCgHDpegPzleMq07yMYTO2sXKASmZmquEYWEmCx6J5UTRbp5RwMJkTJGtcQ44YpiUYUiN0b9mzy8Bw==
    dependencies:
      dir-glob "^3.0.1"
      fast-glob "^3.2.11"
      ignore "^5.2.0"
      merge2 "^1.4.1"
      slash "^4.0.0"
  
  graceful-fs@^4.1.6, graceful-fs@^4.2.0:
    version "4.2.10"
    resolved "https://registry.npmmirror.com/graceful-fs/-/graceful-fs-4.2.10.tgz"
    integrity sha512-9ByhssR2fPVsNZj478qUUbKfmL0+t5BDVyjShtyZZLiK7ZDAArFFfopyOTj0M05wE2tJPisA4iTnnXl2YoPvOA==
  
  gray-matter@^4.0.3:
    version "4.0.3"
    resolved "https://registry.npmmirror.com/gray-matter/-/gray-matter-4.0.3.tgz"
    integrity sha512-5v6yZd4JK3eMI3FqqCouswVqwugaA9r4dNZB1wwcmrD02QkV5H0y7XBQW8QwQqEaZY1pM9aqORSORhJRdNK44Q==
    dependencies:
      js-yaml "^3.13.1"
      kind-of "^6.0.2"
      section-matter "^1.0.0"
      strip-bom-string "^1.0.0"
  
  has@^1.0.3:
    version "1.0.3"
    resolved "https://registry.npmmirror.com/has/-/has-1.0.3.tgz"
    integrity sha512-f2dvO0VU6Oej7RkWJGrehjbzMAjFp5/VKPp5tTpWIV4JHHZK1/BxbFRtf/siA2SWTe09caDmVtYYzWEIbBS4zw==
    dependencies:
      function-bind "^1.1.1"
  
  hash-sum@^2.0.0:
    version "2.0.0"
    resolved "https://registry.npmmirror.com/hash-sum/-/hash-sum-2.0.0.tgz"
    integrity sha512-WdZTbAByD+pHfl/g9QSsBIIwy8IT+EsPiKDs0KNX+zSHhdDLFKdZu0BQHljvO+0QI/BasbMSUa8wYNCZTvhslg==
  
  highlight.js@^9.7.0:
    version "9.18.5"
    resolved "https://registry.npmmirror.com/highlight.js/-/highlight.js-9.18.5.tgz"
    integrity sha512-a5bFyofd/BHCX52/8i8uJkjr9DYwXIPnM/plwI6W7ezItLGqzt7X2G2nXuYSfsIJdkwwj/g9DG1LkcGJI/dDoA==
  
  http-proxy-middleware@^1.0.0:
    version "1.3.1"
    resolved "https://registry.npmmirror.com/http-proxy-middleware/-/http-proxy-middleware-1.3.1.tgz"
    integrity sha512-13eVVDYS4z79w7f1+NPllJtOQFx/FdUW4btIvVRMaRlUY9VGstAbo5MOhLEuUgZFRHn3x50ufn25zkj/boZnEg==
    dependencies:
      "@types/http-proxy" "^1.17.5"
      http-proxy "^1.18.1"
      is-glob "^4.0.1"
      is-plain-obj "^3.0.0"
      micromatch "^4.0.2"
  
  http-proxy@^1.18.1:
    version "1.18.1"
    resolved "https://registry.npmmirror.com/http-proxy/-/http-proxy-1.18.1.tgz"
    integrity sha512-7mz/721AbnJwIVbnaSv1Cz3Am0ZLT/UBwkC92VlxhXv/k/BBQfM2fXElQNC27BVGr0uwUpplYPQM9LnaBMR5NQ==
    dependencies:
      eventemitter3 "^4.0.0"
      follow-redirects "^1.0.0"
      requires-port "^1.0.0"
  
  human-signals@^4.3.0:
    version "4.3.0"
    resolved "https://registry.npmmirror.com/human-signals/-/human-signals-4.3.0.tgz"
    integrity sha512-zyzVyMjpGBX2+6cDVZeFPCdtOtdsxOeseRhB9tkQ6xXmGUNrcnBzdEKPy3VPNYz+4gy1oukVOXcrJCunSyc6QQ==
  
  ieee754@^1.2.1:
    version "1.2.1"
    resolved "https://registry.npmmirror.com/ieee754/-/ieee754-1.2.1.tgz"
    integrity sha512-dcyqhDvX1C46lXZcVqCpK+FtMRQVdIMN6/Df5js2zouUsqG7I6sFxitIC+7KYK29KdXOLHdu9zL4sFnoVQnqaA==
  
  ignore@^5.2.0:
    version "5.2.4"
    resolved "https://registry.npmmirror.com/ignore/-/ignore-5.2.4.tgz"
    integrity sha512-MAb38BcSbH0eHNBxn7ql2NH/kX33OkB3lZ1BNdh7ENeRChHTYsTvWrMubiIAMNS2llXEEgZ1MUOBtXChP3kaFQ==
  
  immutable@^4.0.0:
    version "4.3.0"
    resolved "https://registry.npmmirror.com/immutable/-/immutable-4.3.0.tgz"
    integrity sha512-0AOCmOip+xgJwEVTQj1EfiDDOkPmuyllDuTuEX+DDXUgapLAsBIfkg3sxCYyCEA8mQqZrrxPUGjcOQ2JS3WLkg==
  
  inherits@^2.0.3, inherits@^2.0.4:
    version "2.0.4"
    resolved "https://registry.npmmirror.com/inherits/-/inherits-2.0.4.tgz"
    integrity sha512-k/vGaX4/Yla3WzyMCvTQOXYeIHvqOKtnqBduzTHpzpQZzAskKMhZ2K+EnBiSM9zGSoIFeMpXKxa4dYeZIQqewQ==
  
  is-binary-path@~2.1.0:
    version "2.1.0"
    resolved "https://registry.npmmirror.com/is-binary-path/-/is-binary-path-2.1.0.tgz"
    integrity sha512-ZMERYes6pDydyuGidse7OsHxtbI7WVeUEozgR/g7rd0xUimYNlvZRE/K2MgZTjWy725IfelLeVcEM97mmtRGXw==
    dependencies:
      binary-extensions "^2.0.0"
  
  is-core-module@^2.9.0:
    version "2.11.0"
    resolved "https://registry.npmmirror.com/is-core-module/-/is-core-module-2.11.0.tgz"
    integrity sha512-RRjxlvLDkD1YJwDbroBHMb+cukurkDWNyHx7D3oNB5x9rb5ogcksMC5wHCadcXoo67gVr/+3GFySh3134zi6rw==
    dependencies:
      has "^1.0.3"
  
  is-extendable@^0.1.0:
    version "0.1.1"
    resolved "https://registry.npmmirror.com/is-extendable/-/is-extendable-0.1.1.tgz"
    integrity sha512-5BMULNob1vgFX6EjQw5izWDxrecWK9AM72rugNr0TFldMOi0fj6Jk+zeKIt0xGj4cEfQIJth4w3OKWOJ4f+AFw==
  
  is-extglob@^2.1.1:
    version "2.1.1"
    resolved "https://registry.npmmirror.com/is-extglob/-/is-extglob-2.1.1.tgz"
    integrity sha512-SbKbANkN603Vi4jEZv49LeVJMn4yGwsbzZworEoyEiutsN3nJYdbO36zfhGJ6QEDpOZIFkDtnq5JRxmvl3jsoQ==
  
  is-glob@^4.0.1, is-glob@~4.0.1:
    version "4.0.3"
    resolved "https://registry.npmmirror.com/is-glob/-/is-glob-4.0.3.tgz"
    integrity sha512-xelSayHH36ZgE7ZWhli7pW34hNbNl8Ojv5KVmkJD4hBdD3th8Tfk9vYasLM+mXWOZhFkgZfxhLSnrwRr4elSSg==
    dependencies:
      is-extglob "^2.1.1"
  
  is-interactive@^2.0.0:
    version "2.0.0"
    resolved "https://registry.npmmirror.com/is-interactive/-/is-interactive-2.0.0.tgz"
    integrity sha512-qP1vozQRI+BMOPcjFzrjXuQvdak2pHNUMZoeG2eRbiSqyvbEf/wQtEOTOX1guk6E3t36RkaqiSt8A/6YElNxLQ==
  
  is-number@^7.0.0:
    version "7.0.0"
    resolved "https://registry.npmmirror.com/is-number/-/is-number-7.0.0.tgz"
    integrity sha512-41Cifkg6e8TylSpdtTpeLVMqvSBEVzTttHvERD741+pnZ8ANv0004MRL43QKPDlK9cGvNp6NZWZUBlbGXYxxng==
  
  is-plain-obj@^3.0.0:
    version "3.0.0"
    resolved "https://registry.npmmirror.com/is-plain-obj/-/is-plain-obj-3.0.0.tgz"
    integrity sha512-gwsOE28k+23GP1B6vFl1oVh/WOzmawBrKwo5Ev6wMKzPkaXaCDIQKzLnvsA42DRlbVTWorkgTKIviAKCWkfUwA==
  
  is-stream@^3.0.0:
    version "3.0.0"
    resolved "https://registry.npmmirror.com/is-stream/-/is-stream-3.0.0.tgz"
    integrity sha512-LnQR4bZ9IADDRSkvpqMGvt/tEJWclzklNgSw48V5EAaAeDd6qGvN8ei6k5p0tvxSR171VmGyHuTiAOfxAbr8kA==
  
  is-unicode-supported@^1.1.0:
    version "1.3.0"
    resolved "https://registry.npmmirror.com/is-unicode-supported/-/is-unicode-supported-1.3.0.tgz"
    integrity sha512-43r2mRvz+8JRIKnWJ+3j8JtjRKZ6GmjzfaE/qiBJnikNnYv/6bagRJ1kUhNk8R5EX/GkobD+r+sfxCPJsiKBLQ==
  
  isexe@^2.0.0:
    version "2.0.0"
    resolved "https://registry.npmmirror.com/isexe/-/isexe-2.0.0.tgz"
    integrity sha512-RHxMLp9lnKHGHRng9QFhRCMbYAcVpn69smSGcq3f36xjgVVWThj4qqLbTLlq7Ssj8B+fIQ1EuCEGI2lKsyQeIw==
  
  javascript-stringify@^2.0.1:
    version "2.1.0"
    resolved "https://registry.npmmirror.com/javascript-stringify/-/javascript-stringify-2.1.0.tgz"
    integrity sha512-JVAfqNPTvNq3sB/VHQJAFxN/sPgKnsKrCwyRt15zwNCdrMMJDdcEOdubuy+DuJYYdm0ox1J4uzEuYKkN+9yhVg==
  
  js-yaml@^3.13.1:
    version "3.14.1"
    resolved "https://registry.npmmirror.com/js-yaml/-/js-yaml-3.14.1.tgz"
    integrity sha512-okMH7OXXJ7YrN9Ok3/SXrnu4iX9yOk+25nqX4imS2npuvTYDmo/QEZoqwZkYaIDk3jVvBOTOIEgEhaLOynBS9g==
    dependencies:
      argparse "^1.0.7"
      esprima "^4.0.0"
  
  jsonfile@^6.0.1:
    version "6.1.0"
    resolved "https://registry.npmmirror.com/jsonfile/-/jsonfile-6.1.0.tgz"
    integrity sha512-5dgndWOriYSm5cnYaJNhalLNDKOqFwyDB/rr1E9ZsGciGvKPs8R2xYGCacuf3z6K1YKDz182fd+fY3cn3pMqXQ==
    dependencies:
      universalify "^2.0.0"
    optionalDependencies:
      graceful-fs "^4.1.6"
  
  katex@^0.6.0:
    version "0.6.0"
    resolved "https://registry.npmmirror.com/katex/-/katex-0.6.0.tgz#12418e09121c05c92041b6b3b9fb6bab213cb6f3"
    integrity sha512-rS4mY3SvHYg5LtQV6RBcK0if7ur6plyEukAOV+jGGPqFImuzu8fHL6M752iBmRGoUyF0bhZbAPoezehn7xYksA==
    dependencies:
      match-at "^0.1.0"
  
  kind-of@^6.0.0, kind-of@^6.0.2:
    version "6.0.3"
    resolved "https://registry.npmmirror.com/kind-of/-/kind-of-6.0.3.tgz"
    integrity sha512-dcS1ul+9tmeD95T+x28/ehLgd9mENa3LsvDTtzm3vyBEO7RPptvAD+t44WVXaUjTBRcrpFeFlC8WCruUR456hw==
  
  lilconfig@^2.0.5:
    version "2.1.0"
    resolved "https://registry.npmmirror.com/lilconfig/-/lilconfig-2.1.0.tgz"
    integrity sha512-utWOt/GHzuUxnLKxB6dk81RoOeoNeHgbrXiuGk4yyF5qlRz+iIVWu56E2fqGHFrXz0QNUhLB/8nKqvRH66JKGQ==
  
  linkify-it@^4.0.1:
    version "4.0.1"
    resolved "https://registry.npmmirror.com/linkify-it/-/linkify-it-4.0.1.tgz"
    integrity sha512-C7bfi1UZmoj8+PQx22XyeXCuBlokoyWQL5pWSP+EI6nzRylyThouddufc2c1NDIcP9k5agmN9fLpA7VNJfIiqw==
    dependencies:
      uc.micro "^1.0.1"
  
  lodash.debounce@^4.0.8:
    version "4.0.8"
    resolved "https://registry.npmmirror.com/lodash.debounce/-/lodash.debounce-4.0.8.tgz"
    integrity sha512-FT1yDzDYEoYWhnSGnpE/4Kj1fLZkDFyqRb7fNt6FdYOSxlUWAtp42Eh6Wb0rGIv/m9Bgo7x4GhQbm5Ys4SG5ow==
  
  log-symbols@^5.1.0:
    version "5.1.0"
    resolved "https://registry.npmmirror.com/log-symbols/-/log-symbols-5.1.0.tgz"
    integrity sha512-l0x2DvrW294C9uDCoQe1VSU4gf529FkSZ6leBl4TiqZH/e+0R7hSfHQBNut2mNygDgHwvYHfFLn6Oxb3VWj2rA==
    dependencies:
      chalk "^5.0.0"
      is-unicode-supported "^1.1.0"
  
  magic-string@^0.25.7:
    version "0.25.9"
    resolved "https://registry.npmmirror.com/magic-string/-/magic-string-0.25.9.tgz"
    integrity sha512-RmF0AsMzgt25qzqqLc1+MbHmhdx0ojF2Fvs4XnOqz2ZOBXzzkEwc/dJQZCYHAn7v1jbVOjAZfK8msRn4BxO4VQ==
    dependencies:
      sourcemap-codec "^1.4.8"
  
  markdown-it-anchor@^8.6.7:
    version "8.6.7"
    resolved "https://registry.npmmirror.com/markdown-it-anchor/-/markdown-it-anchor-8.6.7.tgz"
    integrity sha512-FlCHFwNnutLgVTflOYHPW2pPcl2AACqVzExlkGQNsi4CJgqOHN7YTgDd4LuhgN1BFO3TS0vLAruV1Td6dwWPJA==
  
  markdown-it-container@^3.0.0:
    version "3.0.0"
    resolved "https://registry.npmmirror.com/markdown-it-container/-/markdown-it-container-3.0.0.tgz"
    integrity sha512-y6oKTq4BB9OQuY/KLfk/O3ysFhB3IMYoIWhGJEidXt1NQFocFK2sA2t0NYZAMyMShAGL6x5OPIbrmXPIqaN9rw==
  
  markdown-it-emoji@^2.0.2:
    version "2.0.2"
    resolved "https://registry.npmmirror.com/markdown-it-emoji/-/markdown-it-emoji-2.0.2.tgz"
    integrity sha512-zLftSaNrKuYl0kR5zm4gxXjHaOI3FAOEaloKmRA5hijmJZvSjmxcokOLlzycb/HXlUFWzXqpIEoyEMCE4i9MvQ==
  
  markdown-it-katex@^2.0.3:
    version "2.0.3"
    resolved "https://registry.npmmirror.com/markdown-it-katex/-/markdown-it-katex-2.0.3.tgz#d7b86a1aea0b9d6496fab4e7919a18fdef589c39"
    integrity sha512-nUkkMtRWeg7OpdflamflE/Ho/pWl64Lk9wNBKOmaj33XkQdumhXAIYhI0WO03GeiycPCsxbmX536V5NEXpC3Ng==
    dependencies:
      katex "^0.6.0"
  
  markdown-it@^13.0.1:
    version "13.0.1"
    resolved "https://registry.npmmirror.com/markdown-it/-/markdown-it-13.0.1.tgz"
    integrity sha512-lTlxriVoy2criHP0JKRhO2VDG9c2ypWCsT237eDiLqi09rmbKoUetyGHq2uOIRoRS//kfoJckS0eUzzkDR+k2Q==
    dependencies:
      argparse "^2.0.1"
      entities "~3.0.1"
      linkify-it "^4.0.1"
      mdurl "^1.0.1"
      uc.micro "^1.0.5"
  
  match-at@^0.1.0:
    version "0.1.1"
    resolved "https://registry.npmmirror.com/match-at/-/match-at-0.1.1.tgz#25d040d291777704d5e6556bbb79230ec2de0540"
    integrity sha512-h4Yd392z9mST+dzc+yjuybOGFNOZjmXIPKWjxBd1Bb23r4SmDOsk2NYCU2BMUBGbSpZqwVsZYNq26QS3xfaT3Q==
  
  mdurl@^1.0.1:
    version "1.0.1"
    resolved "https://registry.npmmirror.com/mdurl/-/mdurl-1.0.1.tgz"
    integrity sha512-/sKlQJCBYVY9Ers9hqzKou4H6V5UWc/M59TH2dvkt+84itfnq7uFOMLpOiOS4ujvHP4etln18fmIxA5R5fll0g==
  
  medium-zoom@^1.0.8:
    version "1.0.8"
    resolved "https://registry.npmmirror.com/medium-zoom/-/medium-zoom-1.0.8.tgz"
    integrity sha512-CjFVuFq/IfrdqesAXfg+hzlDKu6A2n80ZIq0Kl9kWjoHh9j1N9Uvk5X0/MmN0hOfm5F9YBswlClhcwnmtwz7gA==
  
  merge-stream@^2.0.0:
    version "2.0.0"
    resolved "https://registry.npmmirror.com/merge-stream/-/merge-stream-2.0.0.tgz"
    integrity sha512-abv/qOcuPfk3URPfDzmZU1LKmuw8kT+0nIHvKrKgFrwifol/doWcdA4ZqsWQ8ENrFKkd67Mfpo/LovbIUsbt3w==
  
  merge2@^1.3.0, merge2@^1.4.1:
    version "1.4.1"
    resolved "https://registry.npmmirror.com/merge2/-/merge2-1.4.1.tgz"
    integrity sha512-8q7VEgMJW4J8tcfVPy8g09NcQwZdbwFEqhe/WZkoIzjn/3TGDwtOCYtXGxA3O8tPzpczCCDgv+P2P5y00ZJOOg==
  
  micromatch@^4.0.2, micromatch@^4.0.4:
    version "4.0.5"
    resolved "https://registry.npmmirror.com/micromatch/-/micromatch-4.0.5.tgz"
    integrity sha512-DMy+ERcEW2q8Z2Po+WNXuw3c5YaUSFjAO5GsJqfEl7UjvtIuFKO6ZrKvcItdy98dwFI2N1tg3zNIdKaQT+aNdA==
    dependencies:
      braces "^3.0.2"
      picomatch "^2.3.1"
  
  mimic-fn@^2.1.0:
    version "2.1.0"
    resolved "https://registry.npmmirror.com/mimic-fn/-/mimic-fn-2.1.0.tgz"
    integrity sha512-OqbOk5oEQeAZ8WXWydlu9HJjz9WVdEIvamMCcXmuqUYjTknH/sqsWvhQ3vgwKFRR1HpjvNBKQ37nbJgYzGqGcg==
  
  mimic-fn@^4.0.0:
    version "4.0.0"
    resolved "https://registry.npmmirror.com/mimic-fn/-/mimic-fn-4.0.0.tgz"
    integrity sha512-vqiC06CuhBTUdZH+RYl8sFrL096vA45Ok5ISO6sE/Mr1jRbGH4Csnhi8f3wKVl7x8mO4Au7Ir9D3Oyv1VYMFJw==
  
  ms@2.1.2:
    version "2.1.2"
    resolved "https://registry.npmmirror.com/ms/-/ms-2.1.2.tgz"
    integrity sha512-sGkPx+VjMtmA6MX27oA4FBFELFCZZ4S4XqeGOXCv68tT+jb3vk/RyaKWP0PTKyWtmLSM0b+adUTEvbs1PEaH2w==
  
  nanoid@^3.3.4:
    version "3.3.4"
    resolved "https://registry.npmmirror.com/nanoid/-/nanoid-3.3.4.tgz"
    integrity sha512-MqBkQh/OHTS2egovRtLk45wEyNXwF+cokD+1YPf9u5VfJiRdAiRwB2froX5Co9Rh20xs4siNPm8naNotSD6RBw==
  
  node-releases@^2.0.8:
    version "2.0.10"
    resolved "https://registry.npmmirror.com/node-releases/-/node-releases-2.0.10.tgz"
    integrity sha512-5GFldHPXVG/YZmFzJvKK2zDSzPKhEp0+ZR5SVaoSag9fsL5YgHbUHDfnG5494ISANDcK4KwPXAx2xqVEydmd7w==
  
  normalize-path@^3.0.0, normalize-path@~3.0.0:
    version "3.0.0"
    resolved "https://registry.npmmirror.com/normalize-path/-/normalize-path-3.0.0.tgz"
    integrity sha512-6eZs5Ls3WtCisHWp9S2GUy8dqkpGi4BVSz3GaqiE6ezub0512ESztXUwUB6C6IKbQkY2Pnb/mD4WYojCRwcwLA==
  
  normalize-range@^0.1.2:
    version "0.1.2"
    resolved "https://registry.npmmirror.com/normalize-range/-/normalize-range-0.1.2.tgz"
    integrity sha512-bdok/XvKII3nUpklnV6P2hxtMNrCboOjAcyBuQnWEhO665FwrSNRxU+AqpsyvO6LgGYPspN+lu5CLtw4jPRKNA==
  
  npm-run-path@^5.1.0:
    version "5.1.0"
    resolved "https://registry.npmmirror.com/npm-run-path/-/npm-run-path-5.1.0.tgz"
    integrity sha512-sJOdmRGrY2sjNTRMbSvluQqg+8X7ZK61yvzBEIDhz4f8z1TZFYABsqjjCBd/0PUNE9M6QDgHJXQkGUEm7Q+l9Q==
    dependencies:
      path-key "^4.0.0"
  
  onetime@^5.1.0:
    version "5.1.2"
    resolved "https://registry.npmmirror.com/onetime/-/onetime-5.1.2.tgz"
    integrity sha512-kbpaSSGJTWdAY5KPVeMOKXSrPtr8C8C7wodJbcsd51jRnmD+GZu8Y0VoU6Dm5Z4vWr0Ig/1NKuWRKf7j5aaYSg==
    dependencies:
      mimic-fn "^2.1.0"
  
  onetime@^6.0.0:
    version "6.0.0"
    resolved "https://registry.npmmirror.com/onetime/-/onetime-6.0.0.tgz"
    integrity sha512-1FlR+gjXK7X+AsAHso35MnyN5KqGwJRi/31ft6x0M194ht7S+rWAvd7PHss9xSKMzE0asv1pyIHaJYq+BbacAQ==
    dependencies:
      mimic-fn "^4.0.0"
  
  ora@^6.1.2:
    version "6.1.2"
    resolved "https://registry.npmmirror.com/ora/-/ora-6.1.2.tgz"
    integrity sha512-EJQ3NiP5Xo94wJXIzAyOtSb0QEIAUu7m8t6UZ9krbz0vAJqr92JpcK/lEXg91q6B9pEGqrykkd2EQplnifDSBw==
    dependencies:
      bl "^5.0.0"
      chalk "^5.0.0"
      cli-cursor "^4.0.0"
      cli-spinners "^2.6.1"
      is-interactive "^2.0.0"
      is-unicode-supported "^1.1.0"
      log-symbols "^5.1.0"
      strip-ansi "^7.0.1"
      wcwidth "^1.0.1"
  
  path-key@^3.1.0:
    version "3.1.1"
    resolved "https://registry.npmmirror.com/path-key/-/path-key-3.1.1.tgz"
    integrity sha512-ojmeN0qd+y0jszEtoY48r0Peq5dwMEkIlCOu6Q5f41lfkswXuKtYrhgoTpLnyIcHm24Uhqx+5Tqm2InSwLhE6Q==
  
  path-key@^4.0.0:
    version "4.0.0"
    resolved "https://registry.npmmirror.com/path-key/-/path-key-4.0.0.tgz"
    integrity sha512-haREypq7xkM7ErfgIyA0z+Bj4AGKlMSdlQE2jvJo6huWD1EdkKYV+G/T4nq0YEF2vgTT8kqMFKo1uHn950r4SQ==
  
  path-parse@^1.0.7:
    version "1.0.7"
    resolved "https://registry.npmmirror.com/path-parse/-/path-parse-1.0.7.tgz"
    integrity sha512-LDJzPVEEEPR+y48z93A0Ed0yXb8pAByGWo/k5YYdYgpY2/2EsOsksJrq7lOHxryrVOn1ejG6oAp8ahvOIQD8sw==
  
  path-type@^4.0.0:
    version "4.0.0"
    resolved "https://registry.npmmirror.com/path-type/-/path-type-4.0.0.tgz"
    integrity sha512-gDKb8aZMDeD/tZWs9P6+q0J9Mwkdl6xMV8TjnGP3qJVJ06bdMgkbBlLU8IdfOsIsFz2BW1rNVT3XuNEl8zPAvw==
  
  picocolors@^1.0.0:
    version "1.0.0"
    resolved "https://registry.npmmirror.com/picocolors/-/picocolors-1.0.0.tgz"
    integrity sha512-1fygroTLlHu66zi26VoTDv8yRgm0Fccecssto+MhsZ0D/DGW2sm8E8AjW7NU5VVTRt5GxbeZ5qBuJr+HyLYkjQ==
  
  picomatch@^2.0.4, picomatch@^2.2.1, picomatch@^2.3.1:
    version "2.3.1"
    resolved "https://registry.npmmirror.com/picomatch/-/picomatch-2.3.1.tgz"
    integrity sha512-JU3teHTNjmE2VCGFzuY8EXzCDVwEqB2a8fsIvwaStHhAWJEeVd1o1QD80CU6+ZdEXXSLbSsuLwJjkCBWqRQUVA==
  
  postcss-load-config@^4.0.1:
    version "4.0.1"
    resolved "https://registry.npmmirror.com/postcss-load-config/-/postcss-load-config-4.0.1.tgz"
    integrity sha512-vEJIc8RdiBRu3oRAI0ymerOn+7rPuMvRXslTvZUKZonDHFIczxztIyJ1urxM1x9JXEikvpWWTUUqal5j/8QgvA==
    dependencies:
      lilconfig "^2.0.5"
      yaml "^2.1.1"
  
  postcss-value-parser@^4.2.0:
    version "4.2.0"
    resolved "https://registry.npmmirror.com/postcss-value-parser/-/postcss-value-parser-4.2.0.tgz"
    integrity sha512-1NNCs6uurfkVbeXG4S8JFT9t19m45ICnif8zWLd5oPSZ50QnwMfK+H3jv408d4jw/7Bttv5axS5IiHoLaVNHeQ==
  
  postcss@^8.1.10, postcss@^8.4.21:
    version "8.4.21"
    resolved "https://registry.npmmirror.com/postcss/-/postcss-8.4.21.tgz"
    integrity sha512-tP7u/Sn/dVxK2NnruI4H9BG+x+Wxz6oeZ1cJ8P6G/PZY0IKk4k/63TDsQf2kQq3+qoJeLm2kIBUNlZe3zgb4Zg==
    dependencies:
      nanoid "^3.3.4"
      picocolors "^1.0.0"
      source-map-js "^1.0.2"
  
  prismjs@^1.29.0:
    version "1.29.0"
    resolved "https://registry.npmmirror.com/prismjs/-/prismjs-1.29.0.tgz"
    integrity sha512-Kx/1w86q/epKcmte75LNrEoT+lX8pBpavuAbvJWRXar7Hz8jrtF+e3vY751p0R8H9HdArwaCTNDDzHg/ScJK1Q==
  
  queue-microtask@^1.2.2:
    version "1.2.3"
    resolved "https://registry.npmmirror.com/queue-microtask/-/queue-microtask-1.2.3.tgz"
    integrity sha512-NuaNSa6flKT5JaSYQzJok04JzTL1CA6aGhv5rfLW3PgqA+M2ChpZQnAC8h8i4ZFkBS8X5RqkDBHA7r4hej3K9A==
  
  readable-stream@^3.4.0:
    version "3.6.2"
    resolved "https://registry.npmmirror.com/readable-stream/-/readable-stream-3.6.2.tgz"
    integrity sha512-9u/sniCrY3D5WdsERHzHE4G2YCXqoG5FTHUiCC4SIbr6XcLZBY05ya9EKjYek9O5xOAwjGq+1JdGBAS7Q9ScoA==
    dependencies:
      inherits "^2.0.3"
      string_decoder "^1.1.1"
      util-deprecate "^1.0.1"
  
  readdirp@~3.6.0:
    version "3.6.0"
    resolved "https://registry.npmmirror.com/readdirp/-/readdirp-3.6.0.tgz"
    integrity sha512-hOS089on8RduqdbhvQ5Z37A0ESjsqz6qnRcffsMU3495FuTdqSm+7bhJ29JvIOsBDEEnan5DPu9t3To9VRlMzA==
    dependencies:
      picomatch "^2.2.1"
  
  requires-port@^1.0.0:
    version "1.0.0"
    resolved "https://registry.npmmirror.com/requires-port/-/requires-port-1.0.0.tgz"
    integrity sha512-KigOCHcocU3XODJxsu8i/j8T9tzT4adHiecwORRQ0ZZFcp7ahwXuRU1m+yuO90C5ZUyGeGfocHDI14M3L3yDAQ==
  
  resolve@^1.22.1:
    version "1.22.1"
    resolved "https://registry.npmmirror.com/resolve/-/resolve-1.22.1.tgz"
    integrity sha512-nBpuuYuY5jFsli/JIs1oldw6fOQCBioohqWZg/2hiaOybXOft4lonv85uDOKXdf8rhyK159cxU5cDcK/NKk8zw==
    dependencies:
      is-core-module "^2.9.0"
      path-parse "^1.0.7"
      supports-preserve-symlinks-flag "^1.0.0"
  
  restore-cursor@^4.0.0:
    version "4.0.0"
    resolved "https://registry.npmmirror.com/restore-cursor/-/restore-cursor-4.0.0.tgz"
    integrity sha512-I9fPXU9geO9bHOt9pHHOhOkYerIMsmVaWB0rA2AI9ERh/+x/i7MV5HKBNrg+ljO5eoPVgCcnFuRjJ9uH6I/3eg==
    dependencies:
      onetime "^5.1.0"
      signal-exit "^3.0.2"
  
  reusify@^1.0.4:
    version "1.0.4"
    resolved "https://registry.npmmirror.com/reusify/-/reusify-1.0.4.tgz"
    integrity sha512-U9nH88a3fc/ekCF1l0/UP1IosiuIjyTh7hBvXVMHYgVcfGvt897Xguj2UOLDeI5BG2m7/uwyaLVT6fbtCwTyzw==
  
  rollup@^3.10.0, rollup@^3.17.3:
    version "3.19.1"
    resolved "https://registry.npmmirror.com/rollup/-/rollup-3.19.1.tgz"
    integrity sha512-lAbrdN7neYCg/8WaoWn/ckzCtz+jr70GFfYdlf50OF7387HTg+wiuiqJRFYawwSPpqfqDNYqK7smY/ks2iAudg==
    optionalDependencies:
      fsevents "~2.3.2"
  
  run-parallel@^1.1.9:
    version "1.2.0"
    resolved "https://registry.npmmirror.com/run-parallel/-/run-parallel-1.2.0.tgz"
    integrity sha512-5l4VyZR86LZ/lDxZTR6jqL8AFE2S0IFLMP26AbjsLVADxHdhB/c0GUsH+y39UfCi3dzz8OlQuPmnaJOMoDHQBA==
    dependencies:
      queue-microtask "^1.2.2"
  
  safe-buffer@~5.2.0:
    version "5.2.1"
    resolved "https://registry.npmmirror.com/safe-buffer/-/safe-buffer-5.2.1.tgz"
    integrity sha512-rp3So07KcdmmKbGvgaNxQSJr7bGVSVk5S9Eq1F+ppbRo70+YeaDxkw5Dd8NPN+GD6bjnYm2VuPuCXmpuYvmCXQ==
  
  sass@^1.58.3:
    version "1.59.2"
    resolved "https://registry.npmmirror.com/sass/-/sass-1.59.2.tgz"
    integrity sha512-jJyO6SmbzkJexF8MUorHx5tAilcgabioYxT/BHbY4+OvoqmbHxsYlrjZ8Adhqcgl6Zqwie0TgMXLCAmPFxXOuw==
    dependencies:
      chokidar ">=3.0.0 <4.0.0"
      immutable "^4.0.0"
      source-map-js ">=0.6.2 <2.0.0"
  
  section-matter@^1.0.0:
    version "1.0.0"
    resolved "https://registry.npmmirror.com/section-matter/-/section-matter-1.0.0.tgz"
    integrity sha512-vfD3pmTzGpufjScBh50YHKzEu2lxBWhVEHsNGoEXmCmn2hKGfeNLYMzCJpe8cD7gqX7TJluOVpBkAequ6dgMmA==
    dependencies:
      extend-shallow "^2.0.1"
      kind-of "^6.0.0"
  
  shebang-command@^2.0.0:
    version "2.0.0"
    resolved "https://registry.npmmirror.com/shebang-command/-/shebang-command-2.0.0.tgz"
    integrity sha512-kHxr2zZpYtdmrN1qDjrrX/Z1rR1kG8Dx+gkpK1G4eXmvXswmcE1hTWBWYUzlraYw1/yZp6YuDY77YtvbN0dmDA==
    dependencies:
      shebang-regex "^3.0.0"
  
  shebang-regex@^3.0.0:
    version "3.0.0"
    resolved "https://registry.npmmirror.com/shebang-regex/-/shebang-regex-3.0.0.tgz"
    integrity sha512-7++dFhtcx3353uBaq8DDR4NuxBetBzC7ZQOhmTQInHEd6bSrXdiEyzCvG07Z44UYdLShWUyXt5M/yhz8ekcb1A==
  
  signal-exit@^3.0.2, signal-exit@^3.0.7:
    version "3.0.7"
    resolved "https://registry.npmmirror.com/signal-exit/-/signal-exit-3.0.7.tgz"
    integrity sha512-wnD2ZE+l+SPC/uoS0vXeE9L1+0wuaMqKlfz9AMUo38JsyLSBWSFcHR1Rri62LZc12vLr1gb3jl7iwQhgwpAbGQ==
  
  slash@^4.0.0:
    version "4.0.0"
    resolved "https://registry.npmmirror.com/slash/-/slash-4.0.0.tgz"
    integrity sha512-3dOsAHXXUkQTpOYcoAxLIorMTp4gIQr5IW3iVb7A7lFIp0VHhnynm9izx6TssdrIcVIESAlVjtnO2K8bg+Coew==
  
  "source-map-js@>=0.6.2 <2.0.0", source-map-js@^1.0.2:
    version "1.0.2"
    resolved "https://registry.npmmirror.com/source-map-js/-/source-map-js-1.0.2.tgz"
    integrity sha512-R0XvVJ9WusLiqTCEiGCmICCMplcCkIwwR11mOSD9CR5u+IXYdiseeEuXCVAjS54zqwkLcPNnmU4OeJ6tUrWhDw==
  
  source-map@^0.6.0, source-map@^0.6.1:
    version "0.6.1"
    resolved "https://registry.npmmirror.com/source-map/-/source-map-0.6.1.tgz"
    integrity sha512-UjgapumWlbMhkBgzT7Ykc5YXUT46F0iKu8SGXq0bcwP5dz/h0Plj6enJqjz1Zbq2l5WaqYnrVbwWOWMyF3F47g==
  
  source-map@^0.7.3:
    version "0.7.4"
    resolved "https://registry.npmmirror.com/source-map/-/source-map-0.7.4.tgz"
    integrity sha512-l3BikUxvPOcn5E74dZiq5BGsTb5yEwhaTSzccU6t4sDOH8NWJCstKO5QT2CvtFoK6F0saL7p9xHAqHOlCPJygA==
  
  sourcemap-codec@^1.4.8:
    version "1.4.8"
    resolved "https://registry.npmmirror.com/sourcemap-codec/-/sourcemap-codec-1.4.8.tgz"
    integrity sha512-9NykojV5Uih4lgo5So5dtw+f0JgJX30KCNI8gwhz2J9A15wD0Ml6tjHKwf6fTSa6fAdVBdZeNOs9eJ71qCk8vA==
  
  sprintf-js@~1.0.2:
    version "1.0.3"
    resolved "https://registry.npmmirror.com/sprintf-js/-/sprintf-js-1.0.3.tgz"
    integrity sha512-D9cPgkvLlV3t3IzL0D0YLvGA9Ahk4PcvVwUbN0dSGr1aP0Nrt4AEnTUbuGvquEC0mA64Gqt1fzirlRs5ibXx8g==
  
  string_decoder@^1.1.1:
    version "1.3.0"
    resolved "https://registry.npmmirror.com/string_decoder/-/string_decoder-1.3.0.tgz"
    integrity sha512-hkRX8U1WjJFd8LsDJ2yQ/wWWxaopEsABU1XfkM8A+j0+85JAGppt16cr1Whg6KIbb4okU6Mql6BOj+uup/wKeA==
    dependencies:
      safe-buffer "~5.2.0"
  
  strip-ansi@^7.0.1:
    version "7.0.1"
    resolved "https://registry.npmmirror.com/strip-ansi/-/strip-ansi-7.0.1.tgz"
    integrity sha512-cXNxvT8dFNRVfhVME3JAe98mkXDYN2O1l7jmcwMnOslDeESg1rF/OZMtK0nRAhiari1unG5cD4jG3rapUAkLbw==
    dependencies:
      ansi-regex "^6.0.1"
  
  strip-bom-string@^1.0.0:
    version "1.0.0"
    resolved "https://registry.npmmirror.com/strip-bom-string/-/strip-bom-string-1.0.0.tgz"
    integrity sha512-uCC2VHvQRYu+lMh4My/sFNmF2klFymLX1wHJeXnbEJERpV/ZsVuonzerjfrGpIGF7LBVa1O7i9kjiWvJiFck8g==
  
  strip-final-newline@^3.0.0:
    version "3.0.0"
    resolved "https://registry.npmmirror.com/strip-final-newline/-/strip-final-newline-3.0.0.tgz"
    integrity sha512-dOESqjYr96iWYylGObzd39EuNTa5VJxyvVAEm5Jnh7KGo75V43Hk1odPQkNDyXNmUR6k+gEiDVXnjB8HJ3crXw==
  
  supports-preserve-symlinks-flag@^1.0.0:
    version "1.0.0"
    resolved "https://registry.npmmirror.com/supports-preserve-symlinks-flag/-/supports-preserve-symlinks-flag-1.0.0.tgz"
    integrity sha512-ot0WnXS9fgdkgIcePe6RHNk1WA8+muPa6cSjeR3V8K27q9BB1rTE3R1p7Hv0z1ZyAc8s6Vvv8DIyWf681MAt0w==
  
  to-regex-range@^5.0.1:
    version "5.0.1"
    resolved "https://registry.npmmirror.com/to-regex-range/-/to-regex-range-5.0.1.tgz"
    integrity sha512-65P7iz6X5yEr1cwcgvQxbbIw7Uk3gOy5dIdtZ4rDveLqhrdJP+Li/Hx6tyK0NEb+2GCyneCMJiGqrADCSNk8sQ==
    dependencies:
      is-number "^7.0.0"
  
  ts-debounce@^4.0.0:
    version "4.0.0"
    resolved "https://registry.npmmirror.com/ts-debounce/-/ts-debounce-4.0.0.tgz"
    integrity sha512-+1iDGY6NmOGidq7i7xZGA4cm8DAa6fqdYcvO5Z6yBevH++Bdo9Qt/mN0TzHUgcCcKv1gmh9+W5dHqz8pMWbCbg==
  
  uc.micro@^1.0.1, uc.micro@^1.0.5:
    version "1.0.6"
    resolved "https://registry.npmmirror.com/uc.micro/-/uc.micro-1.0.6.tgz"
    integrity sha512-8Y75pvTYkLJW2hWQHXxoqRgV7qb9B+9vFEtidML+7koHUFapnVJAZ6cKs+Qjz5Aw3aZWHMC6u0wJE3At+nSGwA==
  
  universalify@^2.0.0:
    version "2.0.0"
    resolved "https://registry.npmmirror.com/universalify/-/universalify-2.0.0.tgz"
    integrity sha512-hAZsKq7Yy11Zu1DE0OzWjw7nnLZmJZYTDZZyEFHZdUhV8FkH5MCfoU1XMaxXovpyW5nq5scPqq0ZDP9Zyl04oQ==
  
  upath@^2.0.1:
    version "2.0.1"
    resolved "https://registry.npmmirror.com/upath/-/upath-2.0.1.tgz"
    integrity sha512-1uEe95xksV1O0CYKXo8vQvN1JEbtJp7lb7C5U9HMsIp6IVwntkH/oNUzyVNQSd4S1sYk2FpSSW44FqMc8qee5w==
  
  update-browserslist-db@^1.0.10:
    version "1.0.10"
    resolved "https://registry.npmmirror.com/update-browserslist-db/-/update-browserslist-db-1.0.10.tgz"
    integrity sha512-OztqDenkfFkbSG+tRxBeAnCVPckDBcvibKd35yDONx6OU8N7sqgwc7rCbkJ/WcYtVRZ4ba68d6byhC21GFh7sQ==
    dependencies:
      escalade "^3.1.1"
      picocolors "^1.0.0"
  
  util-deprecate@^1.0.1:
    version "1.0.2"
    resolved "https://registry.npmmirror.com/util-deprecate/-/util-deprecate-1.0.2.tgz"
    integrity sha512-EPD5q1uXyFxJpCrLnCc1nHnq3gOa6DZBocAIiI2TaSCA7VCJ1UJDMagCzIkXNsUYfD1daK//LTEQ8xiIbrHtcw==
  
  vite@~4.1.4:
    version "4.1.4"
    resolved "https://registry.npmmirror.com/vite/-/vite-4.1.4.tgz"
    integrity sha512-3knk/HsbSTKEin43zHu7jTwYWv81f8kgAL99G5NWBcA1LKvtvcVAC4JjBH1arBunO9kQka+1oGbrMKOjk4ZrBg==
    dependencies:
      esbuild "^0.16.14"
      postcss "^8.4.21"
      resolve "^1.22.1"
      rollup "^3.10.0"
    optionalDependencies:
      fsevents "~2.3.2"
  
  vue-demi@*:
    version "0.13.11"
    resolved "https://registry.npmmirror.com/vue-demi/-/vue-demi-0.13.11.tgz"
    integrity sha512-IR8HoEEGM65YY3ZJYAjMlKygDQn25D5ajNFNoKh9RSDMQtlzCxtfQjdQgv9jjK+m3377SsJXY8ysq8kLCZL25A==
  
  vue-router@^4.1.6:
    version "4.1.6"
    resolved "https://registry.npmmirror.com/vue-router/-/vue-router-4.1.6.tgz"
    integrity sha512-DYWYwsG6xNPmLq/FmZn8Ip+qrhFEzA14EI12MsMgVxvHFDYvlr4NXpVF5hrRH1wVcDP8fGi5F4rxuJSl8/r+EQ==
    dependencies:
      "@vue/devtools-api" "^6.4.5"
  
  vue@^3.2.47:
    version "3.2.47"
    resolved "https://registry.npmmirror.com/vue/-/vue-3.2.47.tgz"
    integrity sha512-60188y/9Dc9WVrAZeUVSDxRQOZ+z+y5nO2ts9jWXSTkMvayiWxCWOWtBQoYjLeccfXkiiPZWAHcV+WTPhkqJHQ==
    dependencies:
      "@vue/compiler-dom" "3.2.47"
      "@vue/compiler-sfc" "3.2.47"
      "@vue/runtime-dom" "3.2.47"
      "@vue/server-renderer" "3.2.47"
      "@vue/shared" "3.2.47"
  
  vuepress-vite@2.0.0-beta.61:
    version "2.0.0-beta.61"
    resolved "https://registry.npmmirror.com/vuepress-vite/-/vuepress-vite-2.0.0-beta.61.tgz"
    integrity sha512-4mcR8XSY5b36CYkPqF80WvoeGAEjTw6Cr9bMPHrPVSjG4qqyfVpdSdyRtXD+/5aLJB7r/L60J7PI1pKTci1+3w==
    dependencies:
      "@vuepress/bundler-vite" "2.0.0-beta.61"
      "@vuepress/cli" "2.0.0-beta.61"
      "@vuepress/core" "2.0.0-beta.61"
      "@vuepress/theme-default" "2.0.0-beta.61"
  
  vuepress@2.0.0-beta.61:
    version "2.0.0-beta.61"
    resolved "https://registry.npmmirror.com/vuepress/-/vuepress-2.0.0-beta.61.tgz"
    integrity sha512-gpttL0x5ZvI9eTyR/pexBknIAcgrdjAWoiJc7OYd4bIVfwlXAb4GO4A2EwRSX+pIaNOWdcd+sfZA86EMEbrtNg==
    dependencies:
      vuepress-vite "2.0.0-beta.61"
  
  wcwidth@^1.0.1:
    version "1.0.1"
    resolved "https://registry.npmmirror.com/wcwidth/-/wcwidth-1.0.1.tgz"
    integrity sha512-XHPEwS0q6TaxcvG85+8EYkbiCux2XtWG2mkc47Ng2A77BQu9+DqIOJldST4HgPkuea7dvKSj5VgX3P1d4rW8Tg==
    dependencies:
      defaults "^1.0.3"
  
  webpack-chain@^6.0.0:
    version "6.5.1"
    resolved "https://registry.npmmirror.com/webpack-chain/-/webpack-chain-6.5.1.tgz"
    integrity sha512-7doO/SRtLu8q5WM0s7vPKPWX580qhi0/yBHkOxNkv50f6qB76Zy9o2wRTrrPULqYTvQlVHuvbA8v+G5ayuUDsA==
    dependencies:
      deepmerge "^1.5.2"
      javascript-stringify "^2.0.1"
  
  which@^2.0.1:
    version "2.0.2"
    resolved "https://registry.npmmirror.com/which/-/which-2.0.2.tgz"
    integrity sha512-BLI3Tl1TW3Pvl70l3yq3Y64i+awpwXqsGBYWkkqMtnbXgrMD+yj7rhW0kuEDxzJaYXGjEW5ogapKNMEKNMjibA==
    dependencies:
      isexe "^2.0.0"
  
  yaml@^2.1.1:
    version "2.2.1"
    resolved "https://registry.npmmirror.com/yaml/-/yaml-2.2.1.tgz"
    integrity sha512-e0WHiYql7+9wr4cWMx3TVQrNwejKaEe7/rHNmQmqRjazfOP5W8PB6Jpebb5o6fIapbz9o9+2ipcaTM2ZwDI6lw==
